{"D:\\531\\hw4\\social\\src\\App.js": {"path":"D:\\531\\hw4\\social\\src\\App.js","statementMap":{"0":{"start":{"line":16,"column":2},"end":{"line":28,"column":4}}},"fnMap":{"0":{"name":"App","decl":{"start":{"line":15,"column":9},"end":{"line":15,"column":12}},"loc":{"start":{"line":15,"column":15},"end":{"line":29,"column":1}},"line":15}},"branchMap":{},"s":{"0":0},"f":{"0":0},"b":{}}
,"D:\\531\\hw4\\social\\src\\index.js": {"path":"D:\\531\\hw4\\social\\src\\index.js","statementMap":{"0":{"start":{"line":19,"column":0},"end":{"line":29,"column":2}},"1":{"start":{"line":34,"column":0},"end":{"line":34,"column":18}}},"fnMap":{},"branchMap":{},"s":{"0":0,"1":0},"f":{},"b":{}}
,"D:\\531\\hw4\\social\\src\\reportWebVitals.js": {"path":"D:\\531\\hw4\\social\\src\\reportWebVitals.js","statementMap":{"0":{"start":{"line":1,"column":24},"end":{"line":11,"column":1}},"1":{"start":{"line":2,"column":2},"end":{"line":10,"column":3}},"2":{"start":{"line":3,"column":4},"end":{"line":9,"column":7}},"3":{"start":{"line":4,"column":6},"end":{"line":4,"column":26}},"4":{"start":{"line":5,"column":6},"end":{"line":5,"column":26}},"5":{"start":{"line":6,"column":6},"end":{"line":6,"column":26}},"6":{"start":{"line":7,"column":6},"end":{"line":7,"column":26}},"7":{"start":{"line":8,"column":6},"end":{"line":8,"column":27}}},"fnMap":{"0":{"name":"(anonymous_0)","decl":{"start":{"line":1,"column":24},"end":{"line":1,"column":25}},"loc":{"start":{"line":1,"column":39},"end":{"line":11,"column":1}},"line":1},"1":{"name":"(anonymous_1)","decl":{"start":{"line":3,"column":30},"end":{"line":3,"column":31}},"loc":{"start":{"line":3,"column":79},"end":{"line":9,"column":5}},"line":3}},"branchMap":{"0":{"loc":{"start":{"line":2,"column":2},"end":{"line":10,"column":3}},"type":"if","locations":[{"start":{"line":2,"column":2},"end":{"line":10,"column":3}},{"start":{},"end":{}}],"line":2},"1":{"loc":{"start":{"line":2,"column":6},"end":{"line":2,"column":52}},"type":"binary-expr","locations":[{"start":{"line":2,"column":6},"end":{"line":2,"column":17}},{"start":{"line":2,"column":21},"end":{"line":2,"column":52}}],"line":2}},"s":{"0":0,"1":0,"2":0,"3":0,"4":0,"5":0,"6":0,"7":0},"f":{"0":0,"1":0},"b":{"0":[0,0],"1":[0,0]}}
,"D:\\531\\hw4\\social\\src\\store.js": {"path":"D:\\531\\hw4\\social\\src\\store.js","statementMap":{"0":{"start":{"line":6,"column":19},"end":{"line":6,"column":26}},"1":{"start":{"line":9,"column":25},"end":{"line":26,"column":1}},"2":{"start":{"line":27,"column":23},"end":{"line":137,"column":1}},"3":{"start":{"line":28,"column":24},"end":{"line":28,"column":30}},"4":{"start":{"line":31,"column":4},"end":{"line":136,"column":5}},"5":{"start":{"line":33,"column":12},"end":{"line":38,"column":14}},"6":{"start":{"line":40,"column":12},"end":{"line":42,"column":13}},"7":{"start":{"line":44,"column":12},"end":{"line":48,"column":13}},"8":{"start":{"line":50,"column":15},"end":{"line":55,"column":18}},"9":{"start":{"line":57,"column":12},"end":{"line":65,"column":14}},"10":{"start":{"line":67,"column":12},"end":{"line":70,"column":13}},"11":{"start":{"line":74,"column":12},"end":{"line":81,"column":13}},"12":{"start":{"line":84,"column":12},"end":{"line":87,"column":12}},"13":{"start":{"line":90,"column":8},"end":{"line":96,"column":10}},"14":{"start":{"line":98,"column":12},"end":{"line":101,"column":13}},"15":{"start":{"line":103,"column":12},"end":{"line":107,"column":13}},"16":{"start":{"line":109,"column":12},"end":{"line":114,"column":13}},"17":{"start":{"line":116,"column":12},"end":{"line":121,"column":13}},"18":{"start":{"line":123,"column":12},"end":{"line":129,"column":13}},"19":{"start":{"line":134,"column":12},"end":{"line":134,"column":25}},"20":{"start":{"line":140,"column":12},"end":{"line":140,"column":94}}},"fnMap":{"0":{"name":"(anonymous_0)","decl":{"start":{"line":27,"column":23},"end":{"line":27,"column":24}},"loc":{"start":{"line":27,"column":54},"end":{"line":137,"column":1}},"line":27}},"branchMap":{"0":{"loc":{"start":{"line":27,"column":24},"end":{"line":27,"column":41}},"type":"default-arg","locations":[{"start":{"line":27,"column":32},"end":{"line":27,"column":41}}],"line":27},"1":{"loc":{"start":{"line":31,"column":4},"end":{"line":136,"column":5}},"type":"switch","locations":[{"start":{"line":32,"column":8},"end":{"line":38,"column":14}},{"start":{"line":39,"column":8},"end":{"line":42,"column":13}},{"start":{"line":43,"column":8},"end":{"line":48,"column":13}},{"start":{"line":49,"column":8},"end":{"line":55,"column":18}},{"start":{"line":56,"column":8},"end":{"line":65,"column":14}},{"start":{"line":66,"column":8},"end":{"line":70,"column":13}},{"start":{"line":73,"column":8},"end":{"line":81,"column":13}},{"start":{"line":83,"column":8},"end":{"line":87,"column":12}},{"start":{"line":89,"column":8},"end":{"line":96,"column":10}},{"start":{"line":97,"column":8},"end":{"line":101,"column":13}},{"start":{"line":102,"column":8},"end":{"line":107,"column":13}},{"start":{"line":108,"column":8},"end":{"line":114,"column":13}},{"start":{"line":115,"column":8},"end":{"line":121,"column":13}},{"start":{"line":122,"column":8},"end":{"line":129,"column":13}},{"start":{"line":132,"column":8},"end":{"line":134,"column":25}}],"line":31}},"s":{"0":3,"1":3,"2":3,"3":16,"4":16,"5":0,"6":2,"7":1,"8":1,"9":1,"10":0,"11":1,"12":1,"13":1,"14":1,"15":1,"16":1,"17":1,"18":1,"19":3,"20":3},"f":{"0":16},"b":{"0":[0],"1":[0,2,1,1,1,0,1,1,1,1,1,1,1,1,3]},"_coverageSchema":"1a1c01bbd47fc00a2c39e90264f33305004495a9","hash":"1b6d3856d39554fb732c3b275b72b16d36e82aba"}
,"D:\\531\\hw4\\social\\src\\actions\\auth.js": {"path":"D:\\531\\hw4\\social\\src\\actions\\auth.js","statementMap":{"0":{"start":{"line":5,"column":26},"end":{"line":9,"column":3}},"1":{"start":{"line":5,"column":43},"end":{"line":9,"column":3}},"2":{"start":{"line":6,"column":2},"end":{"line":9,"column":2}},"3":{"start":{"line":11,"column":23},"end":{"line":15,"column":3}},"4":{"start":{"line":11,"column":32},"end":{"line":15,"column":3}},"5":{"start":{"line":12,"column":2},"end":{"line":15,"column":2}},"6":{"start":{"line":17,"column":21},"end":{"line":22,"column":1}},"7":{"start":{"line":17,"column":25},"end":{"line":22,"column":1}},"8":{"start":{"line":18,"column":2},"end":{"line":18,"column":35}},"9":{"start":{"line":19,"column":2},"end":{"line":21,"column":4}},"10":{"start":{"line":24,"column":21},"end":{"line":46,"column":1}},"11":{"start":{"line":24,"column":41},"end":{"line":46,"column":1}},"12":{"start":{"line":25,"column":2},"end":{"line":45,"column":7}},"13":{"start":{"line":26,"column":19},"end":{"line":26,"column":29}},"14":{"start":{"line":28,"column":20},"end":{"line":28,"column":25}},"15":{"start":{"line":29,"column":6},"end":{"line":41,"column":7}},"16":{"start":{"line":29,"column":19},"end":{"line":29,"column":20}},"17":{"start":{"line":30,"column":8},"end":{"line":40,"column":9}},"18":{"start":{"line":31,"column":10},"end":{"line":38,"column":11}},"19":{"start":{"line":32,"column":12},"end":{"line":34,"column":15}},"20":{"start":{"line":35,"column":12},"end":{"line":35,"column":47}},"21":{"start":{"line":37,"column":12},"end":{"line":37,"column":54}},"22":{"start":{"line":39,"column":10},"end":{"line":39,"column":25}},"23":{"start":{"line":42,"column":6},"end":{"line":44,"column":7}},"24":{"start":{"line":43,"column":8},"end":{"line":43,"column":44}},"25":{"start":{"line":48,"column":22},"end":{"line":74,"column":3}},"26":{"start":{"line":48,"column":63},"end":{"line":74,"column":3}},"27":{"start":{"line":50,"column":2},"end":{"line":73,"column":4}},"28":{"start":{"line":50,"column":66},"end":{"line":50,"column":76}},"29":{"start":{"line":52,"column":22},"end":{"line":52,"column":27}},"30":{"start":{"line":53,"column":4},"end":{"line":58,"column":5}},"31":{"start":{"line":53,"column":14},"end":{"line":53,"column":15}},"32":{"start":{"line":54,"column":6},"end":{"line":57,"column":7}},"33":{"start":{"line":55,"column":8},"end":{"line":55,"column":27}},"34":{"start":{"line":56,"column":8},"end":{"line":56,"column":14}},"35":{"start":{"line":59,"column":4},"end":{"line":72,"column":5}},"36":{"start":{"line":60,"column":6},"end":{"line":60,"column":45}},"37":{"start":{"line":63,"column":14},"end":{"line":63,"column":88}},"38":{"start":{"line":64,"column":6},"end":{"line":68,"column":8}},"39":{"start":{"line":69,"column":6},"end":{"line":69,"column":39}},"40":{"start":{"line":70,"column":6},"end":{"line":70,"column":54}},"41":{"start":{"line":71,"column":6},"end":{"line":71,"column":34}}},"fnMap":{"0":{"name":"(anonymous_0)","decl":{"start":{"line":5,"column":26},"end":{"line":5,"column":27}},"loc":{"start":{"line":5,"column":43},"end":{"line":9,"column":3}},"line":5},"1":{"name":"(anonymous_1)","decl":{"start":{"line":5,"column":43},"end":{"line":5,"column":44}},"loc":{"start":{"line":5,"column":60},"end":{"line":9,"column":3}},"line":5},"2":{"name":"(anonymous_2)","decl":{"start":{"line":11,"column":23},"end":{"line":11,"column":24}},"loc":{"start":{"line":11,"column":32},"end":{"line":15,"column":3}},"line":11},"3":{"name":"(anonymous_3)","decl":{"start":{"line":11,"column":32},"end":{"line":11,"column":33}},"loc":{"start":{"line":11,"column":49},"end":{"line":15,"column":3}},"line":11},"4":{"name":"(anonymous_4)","decl":{"start":{"line":17,"column":21},"end":{"line":17,"column":22}},"loc":{"start":{"line":17,"column":25},"end":{"line":22,"column":1}},"line":17},"5":{"name":"(anonymous_5)","decl":{"start":{"line":17,"column":25},"end":{"line":17,"column":26}},"loc":{"start":{"line":17,"column":42},"end":{"line":22,"column":1}},"line":17},"6":{"name":"(anonymous_6)","decl":{"start":{"line":24,"column":21},"end":{"line":24,"column":22}},"loc":{"start":{"line":24,"column":41},"end":{"line":46,"column":1}},"line":24},"7":{"name":"(anonymous_7)","decl":{"start":{"line":24,"column":41},"end":{"line":24,"column":42}},"loc":{"start":{"line":24,"column":61},"end":{"line":46,"column":1}},"line":24},"8":{"name":"(anonymous_8)","decl":{"start":{"line":26,"column":10},"end":{"line":26,"column":11}},"loc":{"start":{"line":26,"column":19},"end":{"line":26,"column":29}},"line":26},"9":{"name":"(anonymous_9)","decl":{"start":{"line":27,"column":10},"end":{"line":27,"column":11}},"loc":{"start":{"line":27,"column":19},"end":{"line":45,"column":5}},"line":27},"10":{"name":"(anonymous_10)","decl":{"start":{"line":48,"column":22},"end":{"line":48,"column":23}},"loc":{"start":{"line":48,"column":63},"end":{"line":74,"column":3}},"line":48},"11":{"name":"(anonymous_11)","decl":{"start":{"line":48,"column":63},"end":{"line":48,"column":64}},"loc":{"start":{"line":48,"column":80},"end":{"line":74,"column":3}},"line":48},"12":{"name":"(anonymous_12)","decl":{"start":{"line":50,"column":59},"end":{"line":50,"column":60}},"loc":{"start":{"line":50,"column":66},"end":{"line":50,"column":76}},"line":50},"13":{"name":"(anonymous_13)","decl":{"start":{"line":50,"column":83},"end":{"line":50,"column":84}},"loc":{"start":{"line":51,"column":2},"end":{"line":73,"column":3}},"line":51}},"branchMap":{"0":{"loc":{"start":{"line":30,"column":8},"end":{"line":40,"column":9}},"type":"if","locations":[{"start":{"line":30,"column":8},"end":{"line":40,"column":9}},{"start":{},"end":{}}],"line":30},"1":{"loc":{"start":{"line":31,"column":10},"end":{"line":38,"column":11}},"type":"if","locations":[{"start":{"line":31,"column":10},"end":{"line":38,"column":11}},{"start":{"line":36,"column":17},"end":{"line":38,"column":11}}],"line":31},"2":{"loc":{"start":{"line":42,"column":6},"end":{"line":44,"column":7}},"type":"if","locations":[{"start":{"line":42,"column":6},"end":{"line":44,"column":7}},{"start":{},"end":{}}],"line":42},"3":{"loc":{"start":{"line":54,"column":6},"end":{"line":57,"column":7}},"type":"if","locations":[{"start":{"line":54,"column":6},"end":{"line":57,"column":7}},{"start":{},"end":{}}],"line":54},"4":{"loc":{"start":{"line":59,"column":4},"end":{"line":72,"column":5}},"type":"if","locations":[{"start":{"line":59,"column":4},"end":{"line":72,"column":5}},{"start":{"line":62,"column":8},"end":{"line":72,"column":5}}],"line":59}},"s":{"0":1,"1":0,"2":0,"3":1,"4":0,"5":0,"6":1,"7":0,"8":0,"9":0,"10":1,"11":0,"12":0,"13":0,"14":0,"15":0,"16":0,"17":0,"18":0,"19":0,"20":0,"21":0,"22":0,"23":0,"24":0,"25":1,"26":0,"27":0,"28":0,"29":0,"30":0,"31":0,"32":0,"33":0,"34":0,"35":0,"36":0,"37":0,"38":0,"39":0,"40":0,"41":0},"f":{"0":0,"1":0,"2":0,"3":0,"4":0,"5":0,"6":0,"7":0,"8":0,"9":0,"10":0,"11":0,"12":0,"13":0},"b":{"0":[0,0],"1":[0,0],"2":[0,0],"3":[0,0],"4":[0,0]},"_coverageSchema":"1a1c01bbd47fc00a2c39e90264f33305004495a9","hash":"d2a176b5404a570e6dcdff99e86ba827b3b1476e"}
,"D:\\531\\hw4\\social\\src\\actions\\posts.js": {"path":"D:\\531\\hw4\\social\\src\\actions\\posts.js","statementMap":{"0":{"start":{"line":10,"column":25},"end":{"line":19,"column":3}},"1":{"start":{"line":10,"column":29},"end":{"line":19,"column":3}},"2":{"start":{"line":13,"column":4},"end":{"line":16,"column":6}},"3":{"start":{"line":21,"column":26},"end":{"line":26,"column":3}},"4":{"start":{"line":21,"column":34},"end":{"line":26,"column":3}},"5":{"start":{"line":22,"column":4},"end":{"line":25,"column":6}},"6":{"start":{"line":29,"column":28},"end":{"line":37,"column":3}},"7":{"start":{"line":29,"column":38},"end":{"line":37,"column":3}},"8":{"start":{"line":31,"column":3},"end":{"line":35,"column":5}},"9":{"start":{"line":39,"column":23},"end":{"line":48,"column":4}},"10":{"start":{"line":39,"column":39},"end":{"line":48,"column":4}},"11":{"start":{"line":41,"column":12},"end":{"line":41,"column":122}},"12":{"start":{"line":43,"column":4},"end":{"line":46,"column":6}},"13":{"start":{"line":50,"column":30},"end":{"line":56,"column":4}},"14":{"start":{"line":50,"column":47},"end":{"line":56,"column":4}},"15":{"start":{"line":52,"column":4},"end":{"line":55,"column":6}},"16":{"start":{"line":58,"column":26},"end":{"line":67,"column":4}},"17":{"start":{"line":58,"column":46},"end":{"line":67,"column":4}},"18":{"start":{"line":59,"column":4},"end":{"line":59,"column":27}},"19":{"start":{"line":60,"column":4},"end":{"line":62,"column":5}},"20":{"start":{"line":60,"column":14},"end":{"line":60,"column":15}},"21":{"start":{"line":61,"column":6},"end":{"line":61,"column":29}},"22":{"start":{"line":63,"column":4},"end":{"line":66,"column":7}},"23":{"start":{"line":73,"column":24},"end":{"line":80,"column":3}},"24":{"start":{"line":73,"column":31},"end":{"line":80,"column":3}},"25":{"start":{"line":75,"column":8},"end":{"line":78,"column":10}},"26":{"start":{"line":84,"column":27},"end":{"line":126,"column":5}},"27":{"start":{"line":84,"column":35},"end":{"line":126,"column":5}},"28":{"start":{"line":85,"column":4},"end":{"line":122,"column":4}},"29":{"start":{"line":85,"column":68},"end":{"line":85,"column":78}},"30":{"start":{"line":89,"column":20},"end":{"line":89,"column":22}},"31":{"start":{"line":90,"column":8},"end":{"line":95,"column":9}},"32":{"start":{"line":90,"column":18},"end":{"line":90,"column":19}},"33":{"start":{"line":91,"column":25},"end":{"line":91,"column":46}},"34":{"start":{"line":92,"column":18},"end":{"line":92,"column":58}},"35":{"start":{"line":94,"column":10},"end":{"line":94,"column":27}},"36":{"start":{"line":97,"column":18},"end":{"line":97,"column":20}},"37":{"start":{"line":100,"column":10},"end":{"line":108,"column":11}},"38":{"start":{"line":100,"column":20},"end":{"line":100,"column":21}},"39":{"start":{"line":102,"column":12},"end":{"line":106,"column":13}},"40":{"start":{"line":104,"column":23},"end":{"line":104,"column":142}},"41":{"start":{"line":105,"column":14},"end":{"line":105,"column":30}},"42":{"start":{"line":114,"column":8},"end":{"line":117,"column":10}}},"fnMap":{"0":{"name":"(anonymous_0)","decl":{"start":{"line":10,"column":25},"end":{"line":10,"column":26}},"loc":{"start":{"line":10,"column":29},"end":{"line":19,"column":3}},"line":10},"1":{"name":"(anonymous_1)","decl":{"start":{"line":10,"column":29},"end":{"line":10,"column":30}},"loc":{"start":{"line":10,"column":46},"end":{"line":19,"column":3}},"line":10},"2":{"name":"(anonymous_2)","decl":{"start":{"line":21,"column":26},"end":{"line":21,"column":27}},"loc":{"start":{"line":21,"column":34},"end":{"line":26,"column":3}},"line":21},"3":{"name":"(anonymous_3)","decl":{"start":{"line":21,"column":34},"end":{"line":21,"column":35}},"loc":{"start":{"line":21,"column":51},"end":{"line":26,"column":3}},"line":21},"4":{"name":"(anonymous_4)","decl":{"start":{"line":29,"column":28},"end":{"line":29,"column":29}},"loc":{"start":{"line":29,"column":38},"end":{"line":37,"column":3}},"line":29},"5":{"name":"(anonymous_5)","decl":{"start":{"line":29,"column":38},"end":{"line":29,"column":39}},"loc":{"start":{"line":29,"column":55},"end":{"line":37,"column":3}},"line":29},"6":{"name":"(anonymous_6)","decl":{"start":{"line":39,"column":23},"end":{"line":39,"column":24}},"loc":{"start":{"line":39,"column":39},"end":{"line":48,"column":4}},"line":39},"7":{"name":"(anonymous_7)","decl":{"start":{"line":39,"column":39},"end":{"line":39,"column":40}},"loc":{"start":{"line":39,"column":56},"end":{"line":48,"column":4}},"line":39},"8":{"name":"(anonymous_8)","decl":{"start":{"line":50,"column":30},"end":{"line":50,"column":31}},"loc":{"start":{"line":50,"column":47},"end":{"line":56,"column":4}},"line":50},"9":{"name":"(anonymous_9)","decl":{"start":{"line":50,"column":47},"end":{"line":50,"column":48}},"loc":{"start":{"line":50,"column":64},"end":{"line":56,"column":4}},"line":50},"10":{"name":"(anonymous_10)","decl":{"start":{"line":58,"column":26},"end":{"line":58,"column":27}},"loc":{"start":{"line":58,"column":46},"end":{"line":67,"column":4}},"line":58},"11":{"name":"(anonymous_11)","decl":{"start":{"line":58,"column":46},"end":{"line":58,"column":47}},"loc":{"start":{"line":58,"column":63},"end":{"line":67,"column":4}},"line":58},"12":{"name":"(anonymous_12)","decl":{"start":{"line":73,"column":24},"end":{"line":73,"column":25}},"loc":{"start":{"line":73,"column":31},"end":{"line":80,"column":3}},"line":73},"13":{"name":"(anonymous_13)","decl":{"start":{"line":73,"column":31},"end":{"line":73,"column":32}},"loc":{"start":{"line":73,"column":48},"end":{"line":80,"column":3}},"line":73},"14":{"name":"(anonymous_14)","decl":{"start":{"line":84,"column":27},"end":{"line":84,"column":28}},"loc":{"start":{"line":84,"column":35},"end":{"line":126,"column":5}},"line":84},"15":{"name":"(anonymous_15)","decl":{"start":{"line":84,"column":35},"end":{"line":84,"column":36}},"loc":{"start":{"line":84,"column":52},"end":{"line":126,"column":5}},"line":84},"16":{"name":"(anonymous_16)","decl":{"start":{"line":85,"column":61},"end":{"line":85,"column":62}},"loc":{"start":{"line":85,"column":68},"end":{"line":85,"column":78}},"line":85},"17":{"name":"(anonymous_17)","decl":{"start":{"line":85,"column":85},"end":{"line":85,"column":86}},"loc":{"start":{"line":86,"column":4},"end":{"line":121,"column":5}},"line":86}},"branchMap":{"0":{"loc":{"start":{"line":102,"column":12},"end":{"line":106,"column":13}},"type":"if","locations":[{"start":{"line":102,"column":12},"end":{"line":106,"column":13}},{"start":{},"end":{}}],"line":102}},"s":{"0":1,"1":0,"2":0,"3":1,"4":0,"5":0,"6":1,"7":0,"8":0,"9":1,"10":0,"11":0,"12":0,"13":1,"14":0,"15":0,"16":1,"17":0,"18":0,"19":0,"20":0,"21":0,"22":0,"23":1,"24":0,"25":0,"26":1,"27":0,"28":0,"29":0,"30":0,"31":0,"32":0,"33":0,"34":0,"35":0,"36":0,"37":0,"38":0,"39":0,"40":0,"41":0,"42":0},"f":{"0":0,"1":0,"2":0,"3":0,"4":0,"5":0,"6":0,"7":0,"8":0,"9":0,"10":0,"11":0,"12":0,"13":0,"14":0,"15":0,"16":0,"17":0},"b":{"0":[0,0]},"_coverageSchema":"1a1c01bbd47fc00a2c39e90264f33305004495a9","hash":"fcffb5351794e2d5bddcbcdcbacd926b5aa52d56"}
,"D:\\531\\hw4\\social\\src\\actions\\profile.js": {"path":"D:\\531\\hw4\\social\\src\\actions\\profile.js","statementMap":{"0":{"start":{"line":4,"column":24},"end":{"line":14,"column":3}},"1":{"start":{"line":4,"column":57},"end":{"line":14,"column":3}},"2":{"start":{"line":6,"column":12},"end":{"line":6,"column":77}},"3":{"start":{"line":9,"column":4},"end":{"line":12,"column":6}},"4":{"start":{"line":16,"column":26},"end":{"line":20,"column":7}},"5":{"start":{"line":16,"column":34},"end":{"line":20,"column":7}},"6":{"start":{"line":17,"column":4},"end":{"line":20,"column":6}}},"fnMap":{"0":{"name":"(anonymous_0)","decl":{"start":{"line":4,"column":24},"end":{"line":4,"column":25}},"loc":{"start":{"line":4,"column":57},"end":{"line":14,"column":3}},"line":4},"1":{"name":"(anonymous_1)","decl":{"start":{"line":4,"column":57},"end":{"line":4,"column":58}},"loc":{"start":{"line":4,"column":74},"end":{"line":14,"column":3}},"line":4},"2":{"name":"(anonymous_2)","decl":{"start":{"line":16,"column":26},"end":{"line":16,"column":27}},"loc":{"start":{"line":16,"column":34},"end":{"line":20,"column":7}},"line":16},"3":{"name":"(anonymous_3)","decl":{"start":{"line":16,"column":34},"end":{"line":16,"column":35}},"loc":{"start":{"line":16,"column":44},"end":{"line":20,"column":7}},"line":16}},"branchMap":{},"s":{"0":1,"1":0,"2":0,"3":0,"4":1,"5":0,"6":0},"f":{"0":0,"1":0,"2":0,"3":0},"b":{},"_coverageSchema":"1a1c01bbd47fc00a2c39e90264f33305004495a9","hash":"6f61a97c0ab7af70173d42c736626209e6b06237"}
,"D:\\531\\hw4\\social\\src\\actions\\types.js": {"path":"D:\\531\\hw4\\social\\src\\actions\\types.js","statementMap":{"0":{"start":{"line":1,"column":29},"end":{"line":1,"column":44}},"1":{"start":{"line":2,"column":24},"end":{"line":2,"column":34}},"2":{"start":{"line":3,"column":27},"end":{"line":3,"column":42}},"3":{"start":{"line":4,"column":25},"end":{"line":4,"column":38}},"4":{"start":{"line":6,"column":27},"end":{"line":6,"column":42}},"5":{"start":{"line":7,"column":25},"end":{"line":7,"column":38}},"6":{"start":{"line":8,"column":22},"end":{"line":8,"column":32}},"7":{"start":{"line":9,"column":21},"end":{"line":9,"column":30}},"8":{"start":{"line":10,"column":27},"end":{"line":10,"column":42}},"9":{"start":{"line":11,"column":28},"end":{"line":11,"column":44}},"10":{"start":{"line":12,"column":25},"end":{"line":12,"column":38}},"11":{"start":{"line":13,"column":19},"end":{"line":13,"column":26}},"12":{"start":{"line":14,"column":24},"end":{"line":14,"column":36}},"13":{"start":{"line":15,"column":21},"end":{"line":15,"column":30}}},"fnMap":{},"branchMap":{},"s":{"0":3,"1":3,"2":3,"3":3,"4":3,"5":3,"6":3,"7":3,"8":3,"9":3,"10":3,"11":3,"12":3,"13":3},"f":{},"b":{},"_coverageSchema":"1a1c01bbd47fc00a2c39e90264f33305004495a9","hash":"810bdcebe05118ba4641ecacf857d590209e7a8b"}
,"D:\\531\\hw4\\social\\src\\components\\Main\\Friends.js": {"path":"D:\\531\\hw4\\social\\src\\components\\Main\\Friends.js","statementMap":{"0":{"start":{"line":11,"column":16},"end":{"line":80,"column":1}},"1":{"start":{"line":16,"column":14},"end":{"line":25,"column":5}},"2":{"start":{"line":17,"column":6},"end":{"line":17,"column":25}},"3":{"start":{"line":18,"column":21},"end":{"line":18,"column":64}},"4":{"start":{"line":19,"column":15},"end":{"line":19,"column":70}},"5":{"start":{"line":20,"column":6},"end":{"line":22,"column":7}},"6":{"start":{"line":21,"column":8},"end":{"line":21,"column":49}},"7":{"start":{"line":27,"column":23},"end":{"line":31,"column":5}},"8":{"start":{"line":28,"column":6},"end":{"line":28,"column":33}},"9":{"start":{"line":29,"column":14},"end":{"line":29,"column":43}},"10":{"start":{"line":30,"column":6},"end":{"line":30,"column":48}},"11":{"start":{"line":35,"column":19},"end":{"line":48,"column":8}},"12":{"start":{"line":36,"column":8},"end":{"line":47,"column":13}},"13":{"start":{"line":40,"column":59},"end":{"line":40,"column":79}},"14":{"start":{"line":51,"column":4},"end":{"line":79,"column":8}},"15":{"start":{"line":82,"column":28},"end":{"line":102,"column":4}},"16":{"start":{"line":83,"column":12},"end":{"line":83,"column":14}},"17":{"start":{"line":84,"column":4},"end":{"line":84,"column":33}},"18":{"start":{"line":85,"column":4},"end":{"line":85,"column":38}},"19":{"start":{"line":88,"column":4},"end":{"line":92,"column":5}},"20":{"start":{"line":88,"column":14},"end":{"line":88,"column":15}},"21":{"start":{"line":89,"column":6},"end":{"line":91,"column":7}},"22":{"start":{"line":90,"column":8},"end":{"line":90,"column":28}},"23":{"start":{"line":94,"column":21},"end":{"line":94,"column":23}},"24":{"start":{"line":95,"column":4},"end":{"line":100,"column":5}},"25":{"start":{"line":95,"column":14},"end":{"line":95,"column":15}},"26":{"start":{"line":97,"column":6},"end":{"line":99,"column":7}},"27":{"start":{"line":98,"column":8},"end":{"line":98,"column":35}},"28":{"start":{"line":101,"column":6},"end":{"line":101,"column":45}},"29":{"start":{"line":104,"column":22},"end":{"line":150,"column":1}},"30":{"start":{"line":106,"column":2},"end":{"line":111,"column":3}},"31":{"start":{"line":106,"column":12},"end":{"line":106,"column":13}},"32":{"start":{"line":107,"column":4},"end":{"line":110,"column":5}},"33":{"start":{"line":108,"column":6},"end":{"line":108,"column":43}},"34":{"start":{"line":109,"column":6},"end":{"line":109,"column":12}},"35":{"start":{"line":113,"column":11},"end":{"line":113,"column":68}},"36":{"start":{"line":114,"column":10},"end":{"line":114,"column":27}},"37":{"start":{"line":116,"column":15},"end":{"line":116,"column":16}},"38":{"start":{"line":117,"column":14},"end":{"line":117,"column":19}},"39":{"start":{"line":118,"column":2},"end":{"line":124,"column":3}},"40":{"start":{"line":118,"column":12},"end":{"line":118,"column":13}},"41":{"start":{"line":119,"column":4},"end":{"line":123,"column":5}},"42":{"start":{"line":120,"column":6},"end":{"line":120,"column":18}},"43":{"start":{"line":121,"column":6},"end":{"line":121,"column":18}},"44":{"start":{"line":122,"column":6},"end":{"line":122,"column":11}},"45":{"start":{"line":125,"column":2},"end":{"line":145,"column":3}},"46":{"start":{"line":126,"column":12},"end":{"line":126,"column":62}},"47":{"start":{"line":127,"column":4},"end":{"line":127,"column":21}},"48":{"start":{"line":129,"column":17},"end":{"line":129,"column":19}},"49":{"start":{"line":130,"column":17},"end":{"line":130,"column":74}},"50":{"start":{"line":131,"column":4},"end":{"line":131,"column":30}},"51":{"start":{"line":132,"column":6},"end":{"line":137,"column":7}},"52":{"start":{"line":132,"column":16},"end":{"line":132,"column":17}},"53":{"start":{"line":133,"column":8},"end":{"line":136,"column":9}},"54":{"start":{"line":134,"column":19},"end":{"line":134,"column":169}},"55":{"start":{"line":135,"column":10},"end":{"line":135,"column":29}},"56":{"start":{"line":138,"column":6},"end":{"line":140,"column":7}},"57":{"start":{"line":138,"column":16},"end":{"line":138,"column":17}},"58":{"start":{"line":139,"column":8},"end":{"line":139,"column":31}},"59":{"start":{"line":143,"column":4},"end":{"line":143,"column":43}},"60":{"start":{"line":144,"column":4},"end":{"line":144,"column":23}},"61":{"start":{"line":149,"column":2},"end":{"line":149,"column":41}},"62":{"start":{"line":152,"column":0},"end":{"line":157,"column":4}},"63":{"start":{"line":159,"column":26},"end":{"line":161,"column":4}},"64":{"start":{"line":159,"column":38},"end":{"line":161,"column":3}}},"fnMap":{"0":{"name":"(anonymous_0)","decl":{"start":{"line":11,"column":16},"end":{"line":11,"column":17}},"loc":{"start":{"line":11,"column":77},"end":{"line":80,"column":1}},"line":11},"1":{"name":"(anonymous_1)","decl":{"start":{"line":16,"column":14},"end":{"line":16,"column":15}},"loc":{"start":{"line":16,"column":24},"end":{"line":25,"column":5}},"line":16},"2":{"name":"(anonymous_2)","decl":{"start":{"line":27,"column":23},"end":{"line":27,"column":24}},"loc":{"start":{"line":27,"column":29},"end":{"line":31,"column":5}},"line":27},"3":{"name":"(anonymous_3)","decl":{"start":{"line":35,"column":31},"end":{"line":35,"column":32}},"loc":{"start":{"line":36,"column":8},"end":{"line":47,"column":13}},"line":36},"4":{"name":"(anonymous_4)","decl":{"start":{"line":40,"column":55},"end":{"line":40,"column":56}},"loc":{"start":{"line":40,"column":59},"end":{"line":40,"column":79}},"line":40},"5":{"name":"(anonymous_5)","decl":{"start":{"line":82,"column":28},"end":{"line":82,"column":29}},"loc":{"start":{"line":82,"column":48},"end":{"line":102,"column":4}},"line":82},"6":{"name":"(anonymous_6)","decl":{"start":{"line":104,"column":22},"end":{"line":104,"column":23}},"loc":{"start":{"line":104,"column":52},"end":{"line":150,"column":1}},"line":104},"7":{"name":"(anonymous_7)","decl":{"start":{"line":159,"column":26},"end":{"line":159,"column":27}},"loc":{"start":{"line":159,"column":38},"end":{"line":161,"column":3}},"line":159}},"branchMap":{"0":{"loc":{"start":{"line":20,"column":6},"end":{"line":22,"column":7}},"type":"if","locations":[{"start":{"line":20,"column":6},"end":{"line":22,"column":7}},{"start":{},"end":{}}],"line":20},"1":{"loc":{"start":{"line":89,"column":6},"end":{"line":91,"column":7}},"type":"if","locations":[{"start":{"line":89,"column":6},"end":{"line":91,"column":7}},{"start":{},"end":{}}],"line":89},"2":{"loc":{"start":{"line":97,"column":6},"end":{"line":99,"column":7}},"type":"if","locations":[{"start":{"line":97,"column":6},"end":{"line":99,"column":7}},{"start":{},"end":{}}],"line":97},"3":{"loc":{"start":{"line":107,"column":4},"end":{"line":110,"column":5}},"type":"if","locations":[{"start":{"line":107,"column":4},"end":{"line":110,"column":5}},{"start":{},"end":{}}],"line":107},"4":{"loc":{"start":{"line":119,"column":4},"end":{"line":123,"column":5}},"type":"if","locations":[{"start":{"line":119,"column":4},"end":{"line":123,"column":5}},{"start":{},"end":{}}],"line":119},"5":{"loc":{"start":{"line":125,"column":2},"end":{"line":145,"column":3}},"type":"if","locations":[{"start":{"line":125,"column":2},"end":{"line":145,"column":3}},{"start":{"line":142,"column":7},"end":{"line":145,"column":3}}],"line":125},"6":{"loc":{"start":{"line":133,"column":8},"end":{"line":136,"column":9}},"type":"if","locations":[{"start":{"line":133,"column":8},"end":{"line":136,"column":9}},{"start":{},"end":{}}],"line":133}},"s":{"0":1,"1":0,"2":0,"3":0,"4":0,"5":0,"6":0,"7":0,"8":0,"9":0,"10":0,"11":0,"12":0,"13":0,"14":0,"15":1,"16":1,"17":1,"18":1,"19":1,"20":1,"21":8,"22":8,"23":1,"24":1,"25":1,"26":3,"27":3,"28":1,"29":1,"30":1,"31":1,"32":3,"33":0,"34":0,"35":1,"36":1,"37":1,"38":1,"39":1,"40":1,"41":6,"42":1,"43":1,"44":1,"45":1,"46":1,"47":1,"48":1,"49":1,"50":1,"51":1,"52":1,"53":100,"54":10,"55":10,"56":1,"57":1,"58":40,"59":0,"60":0,"61":1,"62":1,"63":1,"64":0},"f":{"0":0,"1":0,"2":0,"3":0,"4":0,"5":1,"6":1,"7":0},"b":{"0":[0,0],"1":[8,0],"2":[3,0],"3":[0,3],"4":[1,5],"5":[1,0],"6":[10,90]},"_coverageSchema":"1a1c01bbd47fc00a2c39e90264f33305004495a9","hash":"9f91016f5e518aef27150942fbcc8f59b7948247"}
,"D:\\531\\hw4\\social\\src\\components\\Main\\Main.js": {"path":"D:\\531\\hw4\\social\\src\\components\\Main\\Main.js","statementMap":{"0":{"start":{"line":20,"column":19},"end":{"line":25,"column":1}},"1":{"start":{"line":32,"column":13},"end":{"line":188,"column":1}},"2":{"start":{"line":34,"column":34},"end":{"line":34,"column":56}},"3":{"start":{"line":37,"column":14},"end":{"line":37,"column":16}},"4":{"start":{"line":39,"column":0},"end":{"line":54,"column":6}},"5":{"start":{"line":41,"column":22},"end":{"line":41,"column":41}},"6":{"start":{"line":42,"column":2},"end":{"line":42,"column":31}},"7":{"start":{"line":43,"column":2},"end":{"line":43,"column":25}},"8":{"start":{"line":44,"column":2},"end":{"line":44,"column":29}},"9":{"start":{"line":45,"column":2},"end":{"line":45,"column":30}},"10":{"start":{"line":46,"column":10},"end":{"line":46,"column":54}},"11":{"start":{"line":47,"column":2},"end":{"line":47,"column":26}},"12":{"start":{"line":50,"column":2},"end":{"line":50,"column":14}},"13":{"start":{"line":60,"column":2},"end":{"line":60,"column":10}},"14":{"start":{"line":62,"column":17},"end":{"line":63,"column":61}},"15":{"start":{"line":63,"column":0},"end":{"line":63,"column":61}},"16":{"start":{"line":65,"column":17},"end":{"line":70,"column":1}},"17":{"start":{"line":66,"column":2},"end":{"line":66,"column":21}},"18":{"start":{"line":67,"column":2},"end":{"line":67,"column":25}},"19":{"start":{"line":68,"column":2},"end":{"line":68,"column":44}},"20":{"start":{"line":72,"column":19},"end":{"line":75,"column":1}},"21":{"start":{"line":73,"column":2},"end":{"line":73,"column":21}},"22":{"start":{"line":74,"column":2},"end":{"line":74,"column":23}},"23":{"start":{"line":77,"column":12},"end":{"line":79,"column":1}},"24":{"start":{"line":78,"column":2},"end":{"line":78,"column":44}},"25":{"start":{"line":81,"column":13},"end":{"line":87,"column":1}},"26":{"start":{"line":82,"column":2},"end":{"line":82,"column":21}},"27":{"start":{"line":83,"column":16},"end":{"line":83,"column":59}},"28":{"start":{"line":84,"column":2},"end":{"line":84,"column":72}},"29":{"start":{"line":85,"column":11},"end":{"line":85,"column":38}},"30":{"start":{"line":86,"column":2},"end":{"line":86,"column":18}},"31":{"start":{"line":91,"column":17},"end":{"line":92,"column":1}},"32":{"start":{"line":96,"column":0},"end":{"line":185,"column":11}},"33":{"start":{"line":191,"column":26},"end":{"line":234,"column":1}},"34":{"start":{"line":192,"column":9},"end":{"line":192,"column":11}},"35":{"start":{"line":193,"column":17},"end":{"line":193,"column":19}},"36":{"start":{"line":194,"column":11},"end":{"line":194,"column":68}},"37":{"start":{"line":195,"column":10},"end":{"line":195,"column":27}},"38":{"start":{"line":196,"column":2},"end":{"line":201,"column":3}},"39":{"start":{"line":196,"column":12},"end":{"line":196,"column":13}},"40":{"start":{"line":197,"column":4},"end":{"line":199,"column":5}},"41":{"start":{"line":198,"column":6},"end":{"line":198,"column":21}},"42":{"start":{"line":200,"column":4},"end":{"line":200,"column":49}},"43":{"start":{"line":204,"column":13},"end":{"line":204,"column":70}},"44":{"start":{"line":205,"column":2},"end":{"line":205,"column":24}},"45":{"start":{"line":206,"column":14},"end":{"line":206,"column":16}},"46":{"start":{"line":207,"column":4},"end":{"line":214,"column":5}},"47":{"start":{"line":208,"column":6},"end":{"line":213,"column":7}},"48":{"start":{"line":208,"column":16},"end":{"line":208,"column":17}},"49":{"start":{"line":209,"column":23},"end":{"line":209,"column":46}},"50":{"start":{"line":210,"column":16},"end":{"line":210,"column":71}},"51":{"start":{"line":212,"column":8},"end":{"line":212,"column":25}},"52":{"start":{"line":215,"column":14},"end":{"line":215,"column":16}},"53":{"start":{"line":216,"column":6},"end":{"line":230,"column":5}},"54":{"start":{"line":217,"column":6},"end":{"line":229,"column":7}},"55":{"start":{"line":217,"column":16},"end":{"line":217,"column":17}},"56":{"start":{"line":218,"column":8},"end":{"line":221,"column":9}},"57":{"start":{"line":219,"column":19},"end":{"line":219,"column":155}},"58":{"start":{"line":220,"column":10},"end":{"line":220,"column":26}},"59":{"start":{"line":222,"column":8},"end":{"line":227,"column":9}},"60":{"start":{"line":222,"column":18},"end":{"line":222,"column":19}},"61":{"start":{"line":223,"column":10},"end":{"line":226,"column":11}},"62":{"start":{"line":224,"column":21},"end":{"line":224,"column":195}},"63":{"start":{"line":225,"column":12},"end":{"line":225,"column":28}},"64":{"start":{"line":231,"column":12},"end":{"line":231,"column":71}},"65":{"start":{"line":233,"column":4},"end":{"line":233,"column":14}},"66":{"start":{"line":237,"column":27},"end":{"line":247,"column":1}},"67":{"start":{"line":238,"column":11},"end":{"line":238,"column":13}},"68":{"start":{"line":239,"column":12},"end":{"line":239,"column":32}},"69":{"start":{"line":240,"column":12},"end":{"line":240,"column":31}},"70":{"start":{"line":241,"column":2},"end":{"line":245,"column":4}},"71":{"start":{"line":242,"column":4},"end":{"line":244,"column":5}},"72":{"start":{"line":243,"column":6},"end":{"line":243,"column":21}},"73":{"start":{"line":246,"column":2},"end":{"line":246,"column":14}},"74":{"start":{"line":252,"column":0},"end":{"line":264,"column":2}},"75":{"start":{"line":266,"column":24},"end":{"line":274,"column":2}},"76":{"start":{"line":266,"column":36},"end":{"line":274,"column":1}}},"fnMap":{"0":{"name":"(anonymous_0)","decl":{"start":{"line":32,"column":13},"end":{"line":32,"column":14}},"loc":{"start":{"line":32,"column":119},"end":{"line":188,"column":1}},"line":32},"1":{"name":"(anonymous_1)","decl":{"start":{"line":39,"column":10},"end":{"line":39,"column":11}},"loc":{"start":{"line":39,"column":21},"end":{"line":54,"column":1}},"line":39},"2":{"name":"(anonymous_2)","decl":{"start":{"line":62,"column":17},"end":{"line":62,"column":18}},"loc":{"start":{"line":63,"column":0},"end":{"line":63,"column":61}},"line":63},"3":{"name":"(anonymous_3)","decl":{"start":{"line":65,"column":17},"end":{"line":65,"column":18}},"loc":{"start":{"line":65,"column":24},"end":{"line":70,"column":1}},"line":65},"4":{"name":"(anonymous_4)","decl":{"start":{"line":72,"column":19},"end":{"line":72,"column":20}},"loc":{"start":{"line":72,"column":24},"end":{"line":75,"column":1}},"line":72},"5":{"name":"(anonymous_5)","decl":{"start":{"line":77,"column":12},"end":{"line":77,"column":13}},"loc":{"start":{"line":77,"column":16},"end":{"line":79,"column":1}},"line":77},"6":{"name":"(anonymous_6)","decl":{"start":{"line":81,"column":13},"end":{"line":81,"column":14}},"loc":{"start":{"line":81,"column":18},"end":{"line":87,"column":1}},"line":81},"7":{"name":"(anonymous_7)","decl":{"start":{"line":91,"column":17},"end":{"line":91,"column":18}},"loc":{"start":{"line":91,"column":21},"end":{"line":92,"column":1}},"line":91},"8":{"name":"(anonymous_8)","decl":{"start":{"line":191,"column":26},"end":{"line":191,"column":27}},"loc":{"start":{"line":191,"column":39},"end":{"line":234,"column":1}},"line":191},"9":{"name":"(anonymous_9)","decl":{"start":{"line":237,"column":27},"end":{"line":237,"column":28}},"loc":{"start":{"line":237,"column":46},"end":{"line":247,"column":1}},"line":237},"10":{"name":"(anonymous_10)","decl":{"start":{"line":241,"column":12},"end":{"line":241,"column":13}},"loc":{"start":{"line":241,"column":18},"end":{"line":245,"column":3}},"line":241},"11":{"name":"(anonymous_11)","decl":{"start":{"line":266,"column":24},"end":{"line":266,"column":25}},"loc":{"start":{"line":266,"column":36},"end":{"line":274,"column":1}},"line":266}},"branchMap":{"0":{"loc":{"start":{"line":197,"column":4},"end":{"line":199,"column":5}},"type":"if","locations":[{"start":{"line":197,"column":4},"end":{"line":199,"column":5}},{"start":{},"end":{}}],"line":197},"1":{"loc":{"start":{"line":207,"column":4},"end":{"line":214,"column":5}},"type":"if","locations":[{"start":{"line":207,"column":4},"end":{"line":214,"column":5}},{"start":{},"end":{}}],"line":207},"2":{"loc":{"start":{"line":216,"column":6},"end":{"line":230,"column":5}},"type":"if","locations":[{"start":{"line":216,"column":6},"end":{"line":230,"column":5}},{"start":{},"end":{}}],"line":216},"3":{"loc":{"start":{"line":218,"column":8},"end":{"line":221,"column":9}},"type":"if","locations":[{"start":{"line":218,"column":8},"end":{"line":221,"column":9}},{"start":{},"end":{}}],"line":218},"4":{"loc":{"start":{"line":223,"column":10},"end":{"line":226,"column":11}},"type":"if","locations":[{"start":{"line":223,"column":10},"end":{"line":226,"column":11}},{"start":{},"end":{}}],"line":223},"5":{"loc":{"start":{"line":242,"column":4},"end":{"line":244,"column":5}},"type":"if","locations":[{"start":{"line":242,"column":4},"end":{"line":244,"column":5}},{"start":{},"end":{}}],"line":242},"6":{"loc":{"start":{"line":242,"column":7},"end":{"line":242,"column":54}},"type":"binary-expr","locations":[{"start":{"line":242,"column":7},"end":{"line":242,"column":27}},{"start":{"line":242,"column":29},"end":{"line":242,"column":54}}],"line":242}},"s":{"0":1,"1":1,"2":0,"3":0,"4":0,"5":0,"6":0,"7":0,"8":0,"9":0,"10":0,"11":0,"12":0,"13":0,"14":0,"15":0,"16":0,"17":0,"18":0,"19":0,"20":0,"21":0,"22":0,"23":0,"24":0,"25":0,"26":0,"27":0,"28":0,"29":0,"30":0,"31":0,"32":0,"33":1,"34":1,"35":1,"36":1,"37":1,"38":1,"39":1,"40":10,"41":1,"42":10,"43":1,"44":1,"45":1,"46":1,"47":1,"48":1,"49":3,"50":3,"51":3,"52":1,"53":1,"54":1,"55":1,"56":100,"57":10,"58":10,"59":100,"60":100,"61":300,"62":30,"63":30,"64":1,"65":1,"66":1,"67":1,"68":1,"69":1,"70":1,"71":40,"72":10,"73":1,"74":1,"75":1,"76":0},"f":{"0":0,"1":0,"2":0,"3":0,"4":0,"5":0,"6":0,"7":0,"8":1,"9":1,"10":40,"11":0},"b":{"0":[1,9],"1":[1,0],"2":[1,0],"3":[10,90],"4":[30,270],"5":[10,30],"6":[40,30]},"_coverageSchema":"1a1c01bbd47fc00a2c39e90264f33305004495a9","hash":"755195c0792589f53499c8f1287e0f53a5d61660"}
,"D:\\531\\hw4\\social\\src\\components\\Main\\Posts.js": {"path":"D:\\531\\hw4\\social\\src\\components\\Main\\Posts.js","statementMap":{"0":{"start":{"line":14,"column":14},"end":{"line":188,"column":1}},"1":{"start":{"line":16,"column":2},"end":{"line":26,"column":13}},"2":{"start":{"line":18,"column":4},"end":{"line":18,"column":27}},"3":{"start":{"line":19,"column":4},"end":{"line":19,"column":32}},"4":{"start":{"line":21,"column":6},"end":{"line":21,"column":27}},"5":{"start":{"line":28,"column":30},"end":{"line":28,"column":45}},"6":{"start":{"line":29,"column":44},"end":{"line":29,"column":55}},"7":{"start":{"line":30,"column":26},"end":{"line":30,"column":46}},"8":{"start":{"line":30,"column":32},"end":{"line":30,"column":46}},"9":{"start":{"line":31,"column":25},"end":{"line":31,"column":44}},"10":{"start":{"line":31,"column":31},"end":{"line":31,"column":44}},"11":{"start":{"line":33,"column":32},"end":{"line":33,"column":47}},"12":{"start":{"line":34,"column":29},"end":{"line":34,"column":52}},"13":{"start":{"line":34,"column":35},"end":{"line":34,"column":52}},"14":{"start":{"line":35,"column":28},"end":{"line":35,"column":50}},"15":{"start":{"line":35,"column":34},"end":{"line":35,"column":50}},"16":{"start":{"line":36,"column":37},"end":{"line":36,"column":64}},"17":{"start":{"line":41,"column":17},"end":{"line":50,"column":1}},"18":{"start":{"line":43,"column":2},"end":{"line":43,"column":23}},"19":{"start":{"line":44,"column":18},"end":{"line":44,"column":24}},"20":{"start":{"line":45,"column":19},"end":{"line":45,"column":30}},"21":{"start":{"line":46,"column":18},"end":{"line":46,"column":31}},"22":{"start":{"line":47,"column":2},"end":{"line":47,"column":47}},"23":{"start":{"line":52,"column":17},"end":{"line":71,"column":8}},"24":{"start":{"line":53,"column":8},"end":{"line":70,"column":14}},"25":{"start":{"line":77,"column":18},"end":{"line":77,"column":20}},"26":{"start":{"line":78,"column":6},"end":{"line":94,"column":7}},"27":{"start":{"line":79,"column":8},"end":{"line":85,"column":9}},"28":{"start":{"line":79,"column":26},"end":{"line":79,"column":27}},"29":{"start":{"line":80,"column":10},"end":{"line":84,"column":12}},"30":{"start":{"line":81,"column":42},"end":{"line":81,"column":60}},"31":{"start":{"line":87,"column":8},"end":{"line":93,"column":9}},"32":{"start":{"line":87,"column":26},"end":{"line":87,"column":27}},"33":{"start":{"line":88,"column":10},"end":{"line":92,"column":12}},"34":{"start":{"line":89,"column":42},"end":{"line":89,"column":60}},"35":{"start":{"line":99,"column":4},"end":{"line":181,"column":8}},"36":{"start":{"line":190,"column":0},"end":{"line":192,"column":4}},"37":{"start":{"line":194,"column":26},"end":{"line":195,"column":4}},"38":{"start":{"line":194,"column":38},"end":{"line":195,"column":3}}},"fnMap":{"0":{"name":"(anonymous_0)","decl":{"start":{"line":14,"column":14},"end":{"line":14,"column":15}},"loc":{"start":{"line":14,"column":41},"end":{"line":188,"column":1}},"line":14},"1":{"name":"(anonymous_1)","decl":{"start":{"line":16,"column":12},"end":{"line":16,"column":13}},"loc":{"start":{"line":16,"column":18},"end":{"line":26,"column":3}},"line":16},"2":{"name":"(anonymous_2)","decl":{"start":{"line":30,"column":26},"end":{"line":30,"column":27}},"loc":{"start":{"line":30,"column":32},"end":{"line":30,"column":46}},"line":30},"3":{"name":"(anonymous_3)","decl":{"start":{"line":31,"column":25},"end":{"line":31,"column":26}},"loc":{"start":{"line":31,"column":31},"end":{"line":31,"column":44}},"line":31},"4":{"name":"(anonymous_4)","decl":{"start":{"line":34,"column":29},"end":{"line":34,"column":30}},"loc":{"start":{"line":34,"column":35},"end":{"line":34,"column":52}},"line":34},"5":{"name":"(anonymous_5)","decl":{"start":{"line":35,"column":28},"end":{"line":35,"column":29}},"loc":{"start":{"line":35,"column":34},"end":{"line":35,"column":50}},"line":35},"6":{"name":"(anonymous_6)","decl":{"start":{"line":41,"column":17},"end":{"line":41,"column":18}},"loc":{"start":{"line":41,"column":25},"end":{"line":50,"column":1}},"line":41},"7":{"name":"(anonymous_7)","decl":{"start":{"line":52,"column":32},"end":{"line":52,"column":33}},"loc":{"start":{"line":53,"column":8},"end":{"line":70,"column":14}},"line":53},"8":{"name":"(anonymous_8)","decl":{"start":{"line":81,"column":38},"end":{"line":81,"column":39}},"loc":{"start":{"line":81,"column":42},"end":{"line":81,"column":60}},"line":81},"9":{"name":"(anonymous_9)","decl":{"start":{"line":89,"column":38},"end":{"line":89,"column":39}},"loc":{"start":{"line":89,"column":42},"end":{"line":89,"column":60}},"line":89},"10":{"name":"(anonymous_10)","decl":{"start":{"line":194,"column":26},"end":{"line":194,"column":27}},"loc":{"start":{"line":194,"column":38},"end":{"line":195,"column":3}},"line":194}},"branchMap":{"0":{"loc":{"start":{"line":78,"column":6},"end":{"line":94,"column":7}},"type":"if","locations":[{"start":{"line":78,"column":6},"end":{"line":94,"column":7}},{"start":{"line":86,"column":11},"end":{"line":94,"column":7}}],"line":78}},"s":{"0":1,"1":0,"2":0,"3":0,"4":0,"5":0,"6":0,"7":0,"8":0,"9":0,"10":0,"11":0,"12":0,"13":0,"14":0,"15":0,"16":0,"17":0,"18":0,"19":0,"20":0,"21":0,"22":0,"23":0,"24":0,"25":0,"26":0,"27":0,"28":0,"29":0,"30":0,"31":0,"32":0,"33":0,"34":0,"35":0,"36":1,"37":1,"38":0},"f":{"0":0,"1":0,"2":0,"3":0,"4":0,"5":0,"6":0,"7":0,"8":0,"9":0,"10":0},"b":{"0":[0,0]},"_coverageSchema":"1a1c01bbd47fc00a2c39e90264f33305004495a9","hash":"e0044a3afed964e0ffe267accda7c57a86d554ee"}
,"D:\\531\\hw4\\social\\src\\components\\Profile\\Profile.js": {"path":"D:\\531\\hw4\\social\\src\\components\\Profile\\Profile.js","statementMap":{"0":{"start":{"line":12,"column":19},"end":{"line":18,"column":1}},"1":{"start":{"line":20,"column":16},"end":{"line":211,"column":3}},"2":{"start":{"line":22,"column":36},"end":{"line":22,"column":58}},"3":{"start":{"line":26,"column":4},"end":{"line":50,"column":11}},"4":{"start":{"line":27,"column":6},"end":{"line":27,"column":53}},"5":{"start":{"line":28,"column":6},"end":{"line":28,"column":53}},"6":{"start":{"line":29,"column":6},"end":{"line":29,"column":49}},"7":{"start":{"line":30,"column":6},"end":{"line":30,"column":51}},"8":{"start":{"line":32,"column":6},"end":{"line":32,"column":37}},"9":{"start":{"line":33,"column":6},"end":{"line":33,"column":37}},"10":{"start":{"line":34,"column":6},"end":{"line":34,"column":35}},"11":{"start":{"line":35,"column":6},"end":{"line":35,"column":36}},"12":{"start":{"line":36,"column":6},"end":{"line":36,"column":43}},"13":{"start":{"line":39,"column":15},"end":{"line":39,"column":57}},"14":{"start":{"line":40,"column":6},"end":{"line":40,"column":24}},"15":{"start":{"line":42,"column":28},"end":{"line":42,"column":47}},"16":{"start":{"line":43,"column":8},"end":{"line":43,"column":38}},"17":{"start":{"line":44,"column":8},"end":{"line":44,"column":36}},"18":{"start":{"line":45,"column":8},"end":{"line":45,"column":36}},"19":{"start":{"line":46,"column":8},"end":{"line":46,"column":32}},"20":{"start":{"line":47,"column":8},"end":{"line":47,"column":33}},"21":{"start":{"line":58,"column":8},"end":{"line":58,"column":16}},"22":{"start":{"line":60,"column":21},"end":{"line":61,"column":65}},"23":{"start":{"line":61,"column":4},"end":{"line":61,"column":65}},"24":{"start":{"line":63,"column":19},"end":{"line":75,"column":3}},"25":{"start":{"line":64,"column":4},"end":{"line":64,"column":23}},"26":{"start":{"line":65,"column":4},"end":{"line":73,"column":5}},"27":{"start":{"line":66,"column":6},"end":{"line":66,"column":63}},"28":{"start":{"line":67,"column":26},"end":{"line":67,"column":45}},"29":{"start":{"line":68,"column":6},"end":{"line":68,"column":36}},"30":{"start":{"line":69,"column":6},"end":{"line":69,"column":34}},"31":{"start":{"line":70,"column":6},"end":{"line":70,"column":34}},"32":{"start":{"line":71,"column":6},"end":{"line":71,"column":30}},"33":{"start":{"line":72,"column":6},"end":{"line":72,"column":31}},"34":{"start":{"line":76,"column":25},"end":{"line":119,"column":3}},"35":{"start":{"line":77,"column":15},"end":{"line":77,"column":17}},"36":{"start":{"line":78,"column":20},"end":{"line":78,"column":24}},"37":{"start":{"line":80,"column":16},"end":{"line":80,"column":40}},"38":{"start":{"line":81,"column":4},"end":{"line":84,"column":5}},"39":{"start":{"line":82,"column":6},"end":{"line":82,"column":38}},"40":{"start":{"line":83,"column":6},"end":{"line":83,"column":24}},"41":{"start":{"line":86,"column":17},"end":{"line":86,"column":69}},"42":{"start":{"line":87,"column":4},"end":{"line":93,"column":5}},"43":{"start":{"line":88,"column":6},"end":{"line":88,"column":66}},"44":{"start":{"line":89,"column":8},"end":{"line":89,"column":26}},"45":{"start":{"line":91,"column":6},"end":{"line":91,"column":64}},"46":{"start":{"line":95,"column":17},"end":{"line":95,"column":47}},"47":{"start":{"line":96,"column":4},"end":{"line":101,"column":5}},"48":{"start":{"line":97,"column":6},"end":{"line":97,"column":66}},"49":{"start":{"line":98,"column":8},"end":{"line":98,"column":26}},"50":{"start":{"line":100,"column":6},"end":{"line":100,"column":64}},"51":{"start":{"line":103,"column":15},"end":{"line":103,"column":27}},"52":{"start":{"line":104,"column":4},"end":{"line":110,"column":5}},"53":{"start":{"line":105,"column":6},"end":{"line":105,"column":64}},"54":{"start":{"line":106,"column":8},"end":{"line":106,"column":26}},"55":{"start":{"line":108,"column":6},"end":{"line":108,"column":62}},"56":{"start":{"line":114,"column":4},"end":{"line":114,"column":23}},"57":{"start":{"line":123,"column":2},"end":{"line":210,"column":15}},"58":{"start":{"line":213,"column":2},"end":{"line":220,"column":4}},"59":{"start":{"line":222,"column":26},"end":{"line":229,"column":4}},"60":{"start":{"line":222,"column":38},"end":{"line":229,"column":3}},"61":{"start":{"line":231,"column":26},"end":{"line":249,"column":3}},"62":{"start":{"line":232,"column":13},"end":{"line":232,"column":70}},"63":{"start":{"line":233,"column":12},"end":{"line":233,"column":29}},"64":{"start":{"line":235,"column":13},"end":{"line":235,"column":15}},"65":{"start":{"line":236,"column":4},"end":{"line":245,"column":5}},"66":{"start":{"line":236,"column":14},"end":{"line":236,"column":15}},"67":{"start":{"line":237,"column":8},"end":{"line":244,"column":9}},"68":{"start":{"line":238,"column":12},"end":{"line":238,"column":41}},"69":{"start":{"line":239,"column":12},"end":{"line":239,"column":41}},"70":{"start":{"line":240,"column":12},"end":{"line":240,"column":52}},"71":{"start":{"line":241,"column":12},"end":{"line":241,"column":43}},"72":{"start":{"line":242,"column":12},"end":{"line":242,"column":56}},"73":{"start":{"line":243,"column":12},"end":{"line":243,"column":17}},"74":{"start":{"line":246,"column":16},"end":{"line":246,"column":44}},"75":{"start":{"line":247,"column":4},"end":{"line":247,"column":32}},"76":{"start":{"line":248,"column":4},"end":{"line":248,"column":16}}},"fnMap":{"0":{"name":"(anonymous_0)","decl":{"start":{"line":20,"column":16},"end":{"line":20,"column":17}},"loc":{"start":{"line":20,"column":81},"end":{"line":211,"column":3}},"line":20},"1":{"name":"(anonymous_1)","decl":{"start":{"line":26,"column":14},"end":{"line":26,"column":15}},"loc":{"start":{"line":26,"column":25},"end":{"line":50,"column":5}},"line":26},"2":{"name":"(anonymous_2)","decl":{"start":{"line":60,"column":21},"end":{"line":60,"column":22}},"loc":{"start":{"line":61,"column":4},"end":{"line":61,"column":65}},"line":61},"3":{"name":"(anonymous_3)","decl":{"start":{"line":63,"column":19},"end":{"line":63,"column":20}},"loc":{"start":{"line":63,"column":26},"end":{"line":75,"column":3}},"line":63},"4":{"name":"(anonymous_4)","decl":{"start":{"line":76,"column":25},"end":{"line":76,"column":26}},"loc":{"start":{"line":76,"column":30},"end":{"line":119,"column":3}},"line":76},"5":{"name":"(anonymous_5)","decl":{"start":{"line":222,"column":26},"end":{"line":222,"column":27}},"loc":{"start":{"line":222,"column":38},"end":{"line":229,"column":3}},"line":222},"6":{"name":"(anonymous_6)","decl":{"start":{"line":231,"column":26},"end":{"line":231,"column":27}},"loc":{"start":{"line":231,"column":39},"end":{"line":249,"column":3}},"line":231}},"branchMap":{"0":{"loc":{"start":{"line":65,"column":4},"end":{"line":73,"column":5}},"type":"if","locations":[{"start":{"line":65,"column":4},"end":{"line":73,"column":5}},{"start":{},"end":{}}],"line":65},"1":{"loc":{"start":{"line":81,"column":4},"end":{"line":84,"column":5}},"type":"if","locations":[{"start":{"line":81,"column":4},"end":{"line":84,"column":5}},{"start":{},"end":{}}],"line":81},"2":{"loc":{"start":{"line":81,"column":7},"end":{"line":81,"column":48}},"type":"binary-expr","locations":[{"start":{"line":81,"column":7},"end":{"line":81,"column":24}},{"start":{"line":81,"column":26},"end":{"line":81,"column":48}}],"line":81},"3":{"loc":{"start":{"line":87,"column":4},"end":{"line":93,"column":5}},"type":"if","locations":[{"start":{"line":87,"column":4},"end":{"line":93,"column":5}},{"start":{"line":90,"column":9},"end":{"line":93,"column":5}}],"line":87},"4":{"loc":{"start":{"line":87,"column":7},"end":{"line":87,"column":51}},"type":"binary-expr","locations":[{"start":{"line":87,"column":7},"end":{"line":87,"column":25}},{"start":{"line":87,"column":27},"end":{"line":87,"column":51}}],"line":87},"5":{"loc":{"start":{"line":96,"column":4},"end":{"line":101,"column":5}},"type":"if","locations":[{"start":{"line":96,"column":4},"end":{"line":101,"column":5}},{"start":{"line":99,"column":9},"end":{"line":101,"column":5}}],"line":96},"6":{"loc":{"start":{"line":96,"column":7},"end":{"line":96,"column":51}},"type":"binary-expr","locations":[{"start":{"line":96,"column":7},"end":{"line":96,"column":25}},{"start":{"line":96,"column":27},"end":{"line":96,"column":51}}],"line":96},"7":{"loc":{"start":{"line":104,"column":4},"end":{"line":110,"column":5}},"type":"if","locations":[{"start":{"line":104,"column":4},"end":{"line":110,"column":5}},{"start":{"line":107,"column":9},"end":{"line":110,"column":5}}],"line":104},"8":{"loc":{"start":{"line":104,"column":7},"end":{"line":104,"column":45}},"type":"binary-expr","locations":[{"start":{"line":104,"column":7},"end":{"line":104,"column":23}},{"start":{"line":104,"column":25},"end":{"line":104,"column":45}}],"line":104},"9":{"loc":{"start":{"line":237,"column":8},"end":{"line":244,"column":9}},"type":"if","locations":[{"start":{"line":237,"column":8},"end":{"line":244,"column":9}},{"start":{},"end":{}}],"line":237}},"s":{"0":1,"1":1,"2":0,"3":0,"4":0,"5":0,"6":0,"7":0,"8":0,"9":0,"10":0,"11":0,"12":0,"13":0,"14":0,"15":0,"16":0,"17":0,"18":0,"19":0,"20":0,"21":0,"22":0,"23":0,"24":0,"25":0,"26":0,"27":0,"28":0,"29":0,"30":0,"31":0,"32":0,"33":0,"34":0,"35":0,"36":0,"37":0,"38":0,"39":0,"40":0,"41":0,"42":0,"43":0,"44":0,"45":0,"46":0,"47":0,"48":0,"49":0,"50":0,"51":0,"52":0,"53":0,"54":0,"55":0,"56":0,"57":0,"58":1,"59":1,"60":0,"61":1,"62":1,"63":1,"64":1,"65":1,"66":1,"67":2,"68":1,"69":1,"70":1,"71":1,"72":1,"73":1,"74":1,"75":1,"76":1},"f":{"0":0,"1":0,"2":0,"3":0,"4":0,"5":0,"6":1},"b":{"0":[0,0],"1":[0,0],"2":[0,0],"3":[0,0],"4":[0,0],"5":[0,0],"6":[0,0],"7":[0,0],"8":[0,0],"9":[1,1]},"_coverageSchema":"1a1c01bbd47fc00a2c39e90264f33305004495a9","hash":"dc5eeaaf0e3085e761b84f7e87c9aeacfe91fe72"}
,"D:\\531\\hw4\\social\\src\\components\\auth\\Login.js": {"path":"D:\\531\\hw4\\social\\src\\components\\auth\\Login.js","statementMap":{"0":{"start":{"line":8,"column":14},"end":{"line":83,"column":1}},"1":{"start":{"line":9,"column":2},"end":{"line":9,"column":22}},"2":{"start":{"line":14,"column":23},"end":{"line":14,"column":38}},"3":{"start":{"line":15,"column":30},"end":{"line":15,"column":42}},"4":{"start":{"line":21,"column":19},"end":{"line":38,"column":3}},"5":{"start":{"line":22,"column":4},"end":{"line":22,"column":23}},"6":{"start":{"line":23,"column":15},"end":{"line":23,"column":41}},"7":{"start":{"line":24,"column":4},"end":{"line":36,"column":5}},"8":{"start":{"line":25,"column":6},"end":{"line":25,"column":26}},"9":{"start":{"line":26,"column":6},"end":{"line":26,"column":41}},"10":{"start":{"line":27,"column":6},"end":{"line":27,"column":54}},"11":{"start":{"line":28,"column":6},"end":{"line":28,"column":37}},"12":{"start":{"line":29,"column":6},"end":{"line":29,"column":33}},"13":{"start":{"line":30,"column":10},"end":{"line":36,"column":5}},"14":{"start":{"line":32,"column":6},"end":{"line":32,"column":48}},"15":{"start":{"line":35,"column":6},"end":{"line":35,"column":42}},"16":{"start":{"line":40,"column":2},"end":{"line":82,"column":4}},"17":{"start":{"line":54,"column":33},"end":{"line":54,"column":56}},"18":{"start":{"line":63,"column":33},"end":{"line":63,"column":60}},"19":{"start":{"line":86,"column":22},"end":{"line":103,"column":1}},"20":{"start":{"line":89,"column":13},"end":{"line":89,"column":70}},"21":{"start":{"line":90,"column":12},"end":{"line":90,"column":29}},"22":{"start":{"line":91,"column":4},"end":{"line":91,"column":28}},"23":{"start":{"line":92,"column":8},"end":{"line":101,"column":7}},"24":{"start":{"line":92,"column":21},"end":{"line":92,"column":22}},"25":{"start":{"line":93,"column":8},"end":{"line":100,"column":9}},"26":{"start":{"line":94,"column":10},"end":{"line":99,"column":11}},"27":{"start":{"line":95,"column":12},"end":{"line":95,"column":31}},"28":{"start":{"line":96,"column":12},"end":{"line":96,"column":21}},"29":{"start":{"line":98,"column":12},"end":{"line":98,"column":21}},"30":{"start":{"line":102,"column":6},"end":{"line":102,"column":14}},"31":{"start":{"line":107,"column":0},"end":{"line":110,"column":1}},"32":{"start":{"line":112,"column":24},"end":{"line":112,"column":39}},"33":{"start":{"line":112,"column":36},"end":{"line":112,"column":38}}},"fnMap":{"0":{"name":"(anonymous_0)","decl":{"start":{"line":8,"column":14},"end":{"line":8,"column":15}},"loc":{"start":{"line":8,"column":42},"end":{"line":83,"column":1}},"line":8},"1":{"name":"(anonymous_1)","decl":{"start":{"line":9,"column":12},"end":{"line":9,"column":13}},"loc":{"start":{"line":9,"column":18},"end":{"line":9,"column":20}},"line":9},"2":{"name":"(anonymous_2)","decl":{"start":{"line":21,"column":19},"end":{"line":21,"column":20}},"loc":{"start":{"line":21,"column":31},"end":{"line":38,"column":3}},"line":21},"3":{"name":"(anonymous_3)","decl":{"start":{"line":54,"column":26},"end":{"line":54,"column":27}},"loc":{"start":{"line":54,"column":33},"end":{"line":54,"column":56}},"line":54},"4":{"name":"(anonymous_4)","decl":{"start":{"line":63,"column":26},"end":{"line":63,"column":27}},"loc":{"start":{"line":63,"column":33},"end":{"line":63,"column":60}},"line":63},"5":{"name":"(anonymous_5)","decl":{"start":{"line":86,"column":22},"end":{"line":86,"column":23}},"loc":{"start":{"line":86,"column":51},"end":{"line":103,"column":1}},"line":86},"6":{"name":"(anonymous_6)","decl":{"start":{"line":112,"column":24},"end":{"line":112,"column":25}},"loc":{"start":{"line":112,"column":36},"end":{"line":112,"column":38}},"line":112}},"branchMap":{"0":{"loc":{"start":{"line":24,"column":4},"end":{"line":36,"column":5}},"type":"if","locations":[{"start":{"line":24,"column":4},"end":{"line":36,"column":5}},{"start":{"line":30,"column":10},"end":{"line":36,"column":5}}],"line":24},"1":{"loc":{"start":{"line":30,"column":10},"end":{"line":36,"column":5}},"type":"if","locations":[{"start":{"line":30,"column":10},"end":{"line":36,"column":5}},{"start":{"line":33,"column":9},"end":{"line":36,"column":5}}],"line":30},"2":{"loc":{"start":{"line":93,"column":8},"end":{"line":100,"column":9}},"type":"if","locations":[{"start":{"line":93,"column":8},"end":{"line":100,"column":9}},{"start":{},"end":{}}],"line":93},"3":{"loc":{"start":{"line":94,"column":10},"end":{"line":99,"column":11}},"type":"if","locations":[{"start":{"line":94,"column":10},"end":{"line":99,"column":11}},{"start":{"line":97,"column":17},"end":{"line":99,"column":11}}],"line":94}},"s":{"0":1,"1":0,"2":0,"3":0,"4":0,"5":0,"6":0,"7":0,"8":0,"9":0,"10":0,"11":0,"12":0,"13":0,"14":0,"15":0,"16":0,"17":0,"18":0,"19":1,"20":3,"21":3,"22":3,"23":3,"24":3,"25":14,"26":2,"27":1,"28":1,"29":1,"30":1,"31":1,"32":1,"33":0},"f":{"0":0,"1":0,"2":0,"3":0,"4":0,"5":3,"6":0},"b":{"0":[0,0],"1":[0,0],"2":[2,12],"3":[1,1]},"_coverageSchema":"1a1c01bbd47fc00a2c39e90264f33305004495a9","hash":"7dfcf67a9aa9cedee87728d64d4055b74d14d725"}
,"D:\\531\\hw4\\social\\src\\components\\auth\\Register.js": {"path":"D:\\531\\hw4\\social\\src\\components\\auth\\Register.js","statementMap":{"0":{"start":{"line":8,"column":17},"end":{"line":187,"column":3}},"1":{"start":{"line":12,"column":2},"end":{"line":25,"column":3}},"2":{"start":{"line":13,"column":4},"end":{"line":13,"column":51}},"3":{"start":{"line":14,"column":4},"end":{"line":14,"column":51}},"4":{"start":{"line":15,"column":4},"end":{"line":15,"column":47}},"5":{"start":{"line":16,"column":4},"end":{"line":16,"column":49}},"6":{"start":{"line":17,"column":4},"end":{"line":17,"column":55}},"7":{"start":{"line":18,"column":4},"end":{"line":18,"column":57}},"8":{"start":{"line":19,"column":4},"end":{"line":19,"column":35}},"9":{"start":{"line":20,"column":4},"end":{"line":20,"column":35}},"10":{"start":{"line":21,"column":4},"end":{"line":21,"column":33}},"11":{"start":{"line":22,"column":4},"end":{"line":22,"column":34}},"12":{"start":{"line":23,"column":4},"end":{"line":23,"column":38}},"13":{"start":{"line":24,"column":4},"end":{"line":24,"column":37}},"14":{"start":{"line":27,"column":36},"end":{"line":35,"column":6}},"15":{"start":{"line":37,"column":78},"end":{"line":37,"column":86}},"16":{"start":{"line":39,"column":27},"end":{"line":82,"column":5}},"17":{"start":{"line":40,"column":17},"end":{"line":40,"column":19}},"18":{"start":{"line":41,"column":22},"end":{"line":41,"column":26}},"19":{"start":{"line":43,"column":18},"end":{"line":43,"column":42}},"20":{"start":{"line":44,"column":6},"end":{"line":47,"column":7}},"21":{"start":{"line":45,"column":8},"end":{"line":45,"column":40}},"22":{"start":{"line":46,"column":8},"end":{"line":46,"column":26}},"23":{"start":{"line":49,"column":19},"end":{"line":49,"column":71}},"24":{"start":{"line":50,"column":6},"end":{"line":53,"column":7}},"25":{"start":{"line":51,"column":10},"end":{"line":51,"column":43}},"26":{"start":{"line":52,"column":10},"end":{"line":52,"column":28}},"27":{"start":{"line":55,"column":19},"end":{"line":55,"column":49}},"28":{"start":{"line":56,"column":6},"end":{"line":59,"column":7}},"29":{"start":{"line":57,"column":10},"end":{"line":57,"column":43}},"30":{"start":{"line":58,"column":10},"end":{"line":58,"column":28}},"31":{"start":{"line":61,"column":17},"end":{"line":61,"column":29}},"32":{"start":{"line":62,"column":6},"end":{"line":65,"column":7}},"33":{"start":{"line":63,"column":10},"end":{"line":63,"column":41}},"34":{"start":{"line":64,"column":10},"end":{"line":64,"column":28}},"35":{"start":{"line":67,"column":6},"end":{"line":70,"column":7}},"36":{"start":{"line":68,"column":8},"end":{"line":68,"column":44}},"37":{"start":{"line":69,"column":8},"end":{"line":69,"column":26}},"38":{"start":{"line":72,"column":6},"end":{"line":75,"column":7}},"39":{"start":{"line":73,"column":8},"end":{"line":73,"column":43}},"40":{"start":{"line":74,"column":8},"end":{"line":74,"column":26}},"41":{"start":{"line":77,"column":6},"end":{"line":77,"column":25}},"42":{"start":{"line":84,"column":21},"end":{"line":85,"column":67}},"43":{"start":{"line":85,"column":6},"end":{"line":85,"column":67}},"44":{"start":{"line":87,"column":21},"end":{"line":94,"column":5}},"45":{"start":{"line":88,"column":6},"end":{"line":88,"column":25}},"46":{"start":{"line":89,"column":6},"end":{"line":92,"column":7}},"47":{"start":{"line":90,"column":8},"end":{"line":90,"column":70}},"48":{"start":{"line":100,"column":4},"end":{"line":186,"column":6}},"49":{"start":{"line":190,"column":2},"end":{"line":200,"column":4}},"50":{"start":{"line":202,"column":26},"end":{"line":210,"column":4}},"51":{"start":{"line":202,"column":38},"end":{"line":210,"column":3}}},"fnMap":{"0":{"name":"(anonymous_0)","decl":{"start":{"line":8,"column":17},"end":{"line":8,"column":18}},"loc":{"start":{"line":8,"column":87},"end":{"line":187,"column":3}},"line":8},"1":{"name":"(anonymous_1)","decl":{"start":{"line":12,"column":12},"end":{"line":12,"column":13}},"loc":{"start":{"line":12,"column":18},"end":{"line":25,"column":1}},"line":12},"2":{"name":"(anonymous_2)","decl":{"start":{"line":39,"column":27},"end":{"line":39,"column":28}},"loc":{"start":{"line":39,"column":32},"end":{"line":82,"column":5}},"line":39},"3":{"name":"(anonymous_3)","decl":{"start":{"line":84,"column":21},"end":{"line":84,"column":22}},"loc":{"start":{"line":85,"column":6},"end":{"line":85,"column":67}},"line":85},"4":{"name":"(anonymous_4)","decl":{"start":{"line":87,"column":21},"end":{"line":87,"column":22}},"loc":{"start":{"line":87,"column":34},"end":{"line":94,"column":5}},"line":87},"5":{"name":"(anonymous_5)","decl":{"start":{"line":202,"column":26},"end":{"line":202,"column":27}},"loc":{"start":{"line":202,"column":38},"end":{"line":210,"column":3}},"line":202}},"branchMap":{"0":{"loc":{"start":{"line":44,"column":6},"end":{"line":47,"column":7}},"type":"if","locations":[{"start":{"line":44,"column":6},"end":{"line":47,"column":7}},{"start":{},"end":{}}],"line":44},"1":{"loc":{"start":{"line":44,"column":9},"end":{"line":44,"column":69}},"type":"binary-expr","locations":[{"start":{"line":44,"column":9},"end":{"line":44,"column":26}},{"start":{"line":44,"column":28},"end":{"line":44,"column":45}},{"start":{"line":44,"column":47},"end":{"line":44,"column":69}}],"line":44},"2":{"loc":{"start":{"line":50,"column":6},"end":{"line":53,"column":7}},"type":"if","locations":[{"start":{"line":50,"column":6},"end":{"line":53,"column":7}},{"start":{},"end":{}}],"line":50},"3":{"loc":{"start":{"line":50,"column":9},"end":{"line":50,"column":73}},"type":"binary-expr","locations":[{"start":{"line":50,"column":9},"end":{"line":50,"column":27}},{"start":{"line":50,"column":29},"end":{"line":50,"column":47}},{"start":{"line":50,"column":49},"end":{"line":50,"column":73}}],"line":50},"4":{"loc":{"start":{"line":56,"column":6},"end":{"line":59,"column":7}},"type":"if","locations":[{"start":{"line":56,"column":6},"end":{"line":59,"column":7}},{"start":{},"end":{}}],"line":56},"5":{"loc":{"start":{"line":56,"column":9},"end":{"line":56,"column":73}},"type":"binary-expr","locations":[{"start":{"line":56,"column":9},"end":{"line":56,"column":27}},{"start":{"line":56,"column":29},"end":{"line":56,"column":47}},{"start":{"line":56,"column":49},"end":{"line":56,"column":73}}],"line":56},"6":{"loc":{"start":{"line":62,"column":6},"end":{"line":65,"column":7}},"type":"if","locations":[{"start":{"line":62,"column":6},"end":{"line":65,"column":7}},{"start":{},"end":{}}],"line":62},"7":{"loc":{"start":{"line":62,"column":9},"end":{"line":62,"column":65}},"type":"binary-expr","locations":[{"start":{"line":62,"column":9},"end":{"line":62,"column":25}},{"start":{"line":62,"column":27},"end":{"line":62,"column":43}},{"start":{"line":62,"column":45},"end":{"line":62,"column":65}}],"line":62},"8":{"loc":{"start":{"line":67,"column":6},"end":{"line":70,"column":7}},"type":"if","locations":[{"start":{"line":67,"column":6},"end":{"line":70,"column":7}},{"start":{},"end":{}}],"line":67},"9":{"loc":{"start":{"line":72,"column":6},"end":{"line":75,"column":7}},"type":"if","locations":[{"start":{"line":72,"column":6},"end":{"line":75,"column":7}},{"start":{},"end":{}}],"line":72},"10":{"loc":{"start":{"line":72,"column":9},"end":{"line":72,"column":48}},"type":"binary-expr","locations":[{"start":{"line":72,"column":9},"end":{"line":72,"column":26}},{"start":{"line":72,"column":28},"end":{"line":72,"column":48}}],"line":72},"11":{"loc":{"start":{"line":89,"column":6},"end":{"line":92,"column":7}},"type":"if","locations":[{"start":{"line":89,"column":6},"end":{"line":92,"column":7}},{"start":{},"end":{}}],"line":89}},"s":{"0":0,"1":0,"2":0,"3":0,"4":0,"5":0,"6":0,"7":0,"8":0,"9":0,"10":0,"11":0,"12":0,"13":0,"14":0,"15":0,"16":0,"17":0,"18":0,"19":0,"20":0,"21":0,"22":0,"23":0,"24":0,"25":0,"26":0,"27":0,"28":0,"29":0,"30":0,"31":0,"32":0,"33":0,"34":0,"35":0,"36":0,"37":0,"38":0,"39":0,"40":0,"41":0,"42":0,"43":0,"44":0,"45":0,"46":0,"47":0,"48":0,"49":0,"50":0,"51":0},"f":{"0":0,"1":0,"2":0,"3":0,"4":0,"5":0},"b":{"0":[0,0],"1":[0,0,0],"2":[0,0],"3":[0,0,0],"4":[0,0],"5":[0,0,0],"6":[0,0],"7":[0,0,0],"8":[0,0],"9":[0,0],"10":[0,0],"11":[0,0]}}
}
