TN:
SF:src\App.js
FN:15,App
FNF:1
FNH:0
FNDA:0,App
DA:16,0
LF:1
LH:0
BRF:0
BRH:0
end_of_record
TN:
SF:src\index.js
FNF:0
FNH:0
DA:19,0
DA:34,0
LF:2
LH:0
BRF:0
BRH:0
end_of_record
TN:
SF:src\reportWebVitals.js
FN:1,(anonymous_0)
FN:3,(anonymous_1)
FNF:2
FNH:0
FNDA:0,(anonymous_0)
FNDA:0,(anonymous_1)
DA:1,0
DA:2,0
DA:3,0
DA:4,0
DA:5,0
DA:6,0
DA:7,0
DA:8,0
LF:8
LH:0
BRDA:2,0,0,0
BRDA:2,0,1,0
BRDA:2,1,0,0
BRDA:2,1,1,0
BRF:4
BRH:0
end_of_record
TN:
SF:src\store.js
FN:27,(anonymous_0)
FNF:1
FNH:1
FNDA:16,(anonymous_0)
DA:6,3
DA:9,3
DA:27,3
DA:28,16
DA:31,16
DA:33,0
DA:40,2
DA:44,1
DA:50,1
DA:57,1
DA:67,0
DA:74,1
DA:84,1
DA:90,1
DA:98,1
DA:103,1
DA:109,1
DA:116,1
DA:123,1
DA:134,3
DA:140,3
LF:21
LH:19
BRDA:27,0,0,0
BRDA:31,1,0,0
BRDA:31,1,1,2
BRDA:31,1,2,1
BRDA:31,1,3,1
BRDA:31,1,4,1
BRDA:31,1,5,0
BRDA:31,1,6,1
BRDA:31,1,7,1
BRDA:31,1,8,1
BRDA:31,1,9,1
BRDA:31,1,10,1
BRDA:31,1,11,1
BRDA:31,1,12,1
BRDA:31,1,13,1
BRDA:31,1,14,3
BRF:16
BRH:13
end_of_record
TN:
SF:src\actions\auth.js
FN:5,(anonymous_0)
FN:5,(anonymous_1)
FN:11,(anonymous_2)
FN:11,(anonymous_3)
FN:17,(anonymous_4)
FN:17,(anonymous_5)
FN:24,(anonymous_6)
FN:24,(anonymous_7)
FN:26,(anonymous_8)
FN:27,(anonymous_9)
FN:48,(anonymous_10)
FN:48,(anonymous_11)
FN:50,(anonymous_12)
FN:50,(anonymous_13)
FNF:14
FNH:0
FNDA:0,(anonymous_0)
FNDA:0,(anonymous_1)
FNDA:0,(anonymous_2)
FNDA:0,(anonymous_3)
FNDA:0,(anonymous_4)
FNDA:0,(anonymous_5)
FNDA:0,(anonymous_6)
FNDA:0,(anonymous_7)
FNDA:0,(anonymous_8)
FNDA:0,(anonymous_9)
FNDA:0,(anonymous_10)
FNDA:0,(anonymous_11)
FNDA:0,(anonymous_12)
FNDA:0,(anonymous_13)
DA:5,1
DA:6,0
DA:11,1
DA:12,0
DA:17,1
DA:18,0
DA:19,0
DA:24,1
DA:25,0
DA:26,0
DA:28,0
DA:29,0
DA:30,0
DA:31,0
DA:32,0
DA:35,0
DA:37,0
DA:39,0
DA:42,0
DA:43,0
DA:48,1
DA:50,0
DA:52,0
DA:53,0
DA:54,0
DA:55,0
DA:56,0
DA:59,0
DA:60,0
DA:63,0
DA:64,0
DA:69,0
DA:70,0
DA:71,0
LF:34
LH:5
BRDA:30,0,0,0
BRDA:30,0,1,0
BRDA:31,1,0,0
BRDA:31,1,1,0
BRDA:42,2,0,0
BRDA:42,2,1,0
BRDA:54,3,0,0
BRDA:54,3,1,0
BRDA:59,4,0,0
BRDA:59,4,1,0
BRF:10
BRH:0
end_of_record
TN:
SF:src\actions\posts.js
FN:10,(anonymous_0)
FN:10,(anonymous_1)
FN:21,(anonymous_2)
FN:21,(anonymous_3)
FN:29,(anonymous_4)
FN:29,(anonymous_5)
FN:39,(anonymous_6)
FN:39,(anonymous_7)
FN:50,(anonymous_8)
FN:50,(anonymous_9)
FN:58,(anonymous_10)
FN:58,(anonymous_11)
FN:73,(anonymous_12)
FN:73,(anonymous_13)
FN:84,(anonymous_14)
FN:84,(anonymous_15)
FN:85,(anonymous_16)
FN:85,(anonymous_17)
FNF:18
FNH:0
FNDA:0,(anonymous_0)
FNDA:0,(anonymous_1)
FNDA:0,(anonymous_2)
FNDA:0,(anonymous_3)
FNDA:0,(anonymous_4)
FNDA:0,(anonymous_5)
FNDA:0,(anonymous_6)
FNDA:0,(anonymous_7)
FNDA:0,(anonymous_8)
FNDA:0,(anonymous_9)
FNDA:0,(anonymous_10)
FNDA:0,(anonymous_11)
FNDA:0,(anonymous_12)
FNDA:0,(anonymous_13)
FNDA:0,(anonymous_14)
FNDA:0,(anonymous_15)
FNDA:0,(anonymous_16)
FNDA:0,(anonymous_17)
DA:10,1
DA:13,0
DA:21,1
DA:22,0
DA:29,1
DA:31,0
DA:39,1
DA:41,0
DA:43,0
DA:50,1
DA:52,0
DA:58,1
DA:59,0
DA:60,0
DA:61,0
DA:63,0
DA:73,1
DA:75,0
DA:84,1
DA:85,0
DA:89,0
DA:90,0
DA:91,0
DA:92,0
DA:94,0
DA:97,0
DA:100,0
DA:102,0
DA:104,0
DA:105,0
DA:114,0
LF:31
LH:8
BRDA:102,0,0,0
BRDA:102,0,1,0
BRF:2
BRH:0
end_of_record
TN:
SF:src\actions\profile.js
FN:4,(anonymous_0)
FN:4,(anonymous_1)
FN:16,(anonymous_2)
FN:16,(anonymous_3)
FNF:4
FNH:0
FNDA:0,(anonymous_0)
FNDA:0,(anonymous_1)
FNDA:0,(anonymous_2)
FNDA:0,(anonymous_3)
DA:4,1
DA:6,0
DA:9,0
DA:16,1
DA:17,0
LF:5
LH:2
BRF:0
BRH:0
end_of_record
TN:
SF:src\actions\types.js
FNF:0
FNH:0
DA:1,3
DA:2,3
DA:3,3
DA:4,3
DA:6,3
DA:7,3
DA:8,3
DA:9,3
DA:10,3
DA:11,3
DA:12,3
DA:13,3
DA:14,3
DA:15,3
LF:14
LH:14
BRF:0
BRH:0
end_of_record
TN:
SF:src\components\Main\Friends.js
FN:11,(anonymous_0)
FN:16,(anonymous_1)
FN:27,(anonymous_2)
FN:35,(anonymous_3)
FN:40,(anonymous_4)
FN:82,(anonymous_5)
FN:104,(anonymous_6)
FN:159,(anonymous_7)
FNF:8
FNH:2
FNDA:0,(anonymous_0)
FNDA:0,(anonymous_1)
FNDA:0,(anonymous_2)
FNDA:0,(anonymous_3)
FNDA:0,(anonymous_4)
FNDA:1,(anonymous_5)
FNDA:1,(anonymous_6)
FNDA:0,(anonymous_7)
DA:11,1
DA:16,0
DA:17,0
DA:18,0
DA:19,0
DA:20,0
DA:21,0
DA:27,0
DA:28,0
DA:29,0
DA:30,0
DA:35,0
DA:36,0
DA:40,0
DA:51,0
DA:82,1
DA:83,1
DA:84,1
DA:85,1
DA:88,1
DA:89,8
DA:90,8
DA:94,1
DA:95,1
DA:97,3
DA:98,3
DA:101,1
DA:104,1
DA:106,1
DA:107,3
DA:108,0
DA:109,0
DA:113,1
DA:114,1
DA:116,1
DA:117,1
DA:118,1
DA:119,6
DA:120,1
DA:121,1
DA:122,1
DA:125,1
DA:126,1
DA:127,1
DA:129,1
DA:130,1
DA:131,1
DA:132,1
DA:133,100
DA:134,10
DA:135,10
DA:138,1
DA:139,40
DA:143,0
DA:144,0
DA:149,1
DA:152,1
DA:159,1
LF:58
LH:40
BRDA:20,0,0,0
BRDA:20,0,1,0
BRDA:89,1,0,8
BRDA:89,1,1,0
BRDA:97,2,0,3
BRDA:97,2,1,0
BRDA:107,3,0,0
BRDA:107,3,1,3
BRDA:119,4,0,1
BRDA:119,4,1,5
BRDA:125,5,0,1
BRDA:125,5,1,0
BRDA:133,6,0,10
BRDA:133,6,1,90
BRF:14
BRH:8
end_of_record
TN:
SF:src\components\Main\Main.js
FN:32,(anonymous_0)
FN:39,(anonymous_1)
FN:62,(anonymous_2)
FN:65,(anonymous_3)
FN:72,(anonymous_4)
FN:77,(anonymous_5)
FN:81,(anonymous_6)
FN:91,(anonymous_7)
FN:191,(anonymous_8)
FN:237,(anonymous_9)
FN:241,(anonymous_10)
FN:266,(anonymous_11)
FNF:12
FNH:3
FNDA:0,(anonymous_0)
FNDA:0,(anonymous_1)
FNDA:0,(anonymous_2)
FNDA:0,(anonymous_3)
FNDA:0,(anonymous_4)
FNDA:0,(anonymous_5)
FNDA:0,(anonymous_6)
FNDA:0,(anonymous_7)
FNDA:1,(anonymous_8)
FNDA:1,(anonymous_9)
FNDA:40,(anonymous_10)
FNDA:0,(anonymous_11)
DA:20,1
DA:32,1
DA:34,0
DA:37,0
DA:39,0
DA:41,0
DA:42,0
DA:43,0
DA:44,0
DA:45,0
DA:46,0
DA:47,0
DA:50,0
DA:60,0
DA:62,0
DA:63,0
DA:65,0
DA:66,0
DA:67,0
DA:68,0
DA:72,0
DA:73,0
DA:74,0
DA:77,0
DA:78,0
DA:81,0
DA:82,0
DA:83,0
DA:84,0
DA:85,0
DA:86,0
DA:91,0
DA:96,0
DA:191,1
DA:192,1
DA:193,1
DA:194,1
DA:195,1
DA:196,1
DA:197,10
DA:198,1
DA:200,10
DA:204,1
DA:205,1
DA:206,1
DA:207,1
DA:208,1
DA:209,3
DA:210,3
DA:212,3
DA:215,1
DA:216,1
DA:217,1
DA:218,100
DA:219,10
DA:220,10
DA:222,100
DA:223,300
DA:224,30
DA:225,30
DA:231,1
DA:233,1
DA:237,1
DA:238,1
DA:239,1
DA:240,1
DA:241,1
DA:242,40
DA:243,10
DA:246,1
DA:252,1
DA:266,1
LF:72
LH:41
BRDA:197,0,0,1
BRDA:197,0,1,9
BRDA:207,1,0,1
BRDA:207,1,1,0
BRDA:216,2,0,1
BRDA:216,2,1,0
BRDA:218,3,0,10
BRDA:218,3,1,90
BRDA:223,4,0,30
BRDA:223,4,1,270
BRDA:242,5,0,10
BRDA:242,5,1,30
BRDA:242,6,0,40
BRDA:242,6,1,30
BRF:14
BRH:12
end_of_record
TN:
SF:src\components\Main\Posts.js
FN:14,(anonymous_0)
FN:16,(anonymous_1)
FN:30,(anonymous_2)
FN:31,(anonymous_3)
FN:34,(anonymous_4)
FN:35,(anonymous_5)
FN:41,(anonymous_6)
FN:52,(anonymous_7)
FN:81,(anonymous_8)
FN:89,(anonymous_9)
FN:194,(anonymous_10)
FNF:11
FNH:0
FNDA:0,(anonymous_0)
FNDA:0,(anonymous_1)
FNDA:0,(anonymous_2)
FNDA:0,(anonymous_3)
FNDA:0,(anonymous_4)
FNDA:0,(anonymous_5)
FNDA:0,(anonymous_6)
FNDA:0,(anonymous_7)
FNDA:0,(anonymous_8)
FNDA:0,(anonymous_9)
FNDA:0,(anonymous_10)
DA:14,1
DA:16,0
DA:18,0
DA:19,0
DA:21,0
DA:28,0
DA:29,0
DA:30,0
DA:31,0
DA:33,0
DA:34,0
DA:35,0
DA:36,0
DA:41,0
DA:43,0
DA:44,0
DA:45,0
DA:46,0
DA:47,0
DA:52,0
DA:53,0
DA:77,0
DA:78,0
DA:79,0
DA:80,0
DA:81,0
DA:87,0
DA:88,0
DA:89,0
DA:99,0
DA:190,1
DA:194,1
LF:32
LH:3
BRDA:78,0,0,0
BRDA:78,0,1,0
BRF:2
BRH:0
end_of_record
TN:
SF:src\components\Profile\Profile.js
FN:20,(anonymous_0)
FN:26,(anonymous_1)
FN:60,(anonymous_2)
FN:63,(anonymous_3)
FN:76,(anonymous_4)
FN:222,(anonymous_5)
FN:231,(anonymous_6)
FNF:7
FNH:1
FNDA:0,(anonymous_0)
FNDA:0,(anonymous_1)
FNDA:0,(anonymous_2)
FNDA:0,(anonymous_3)
FNDA:0,(anonymous_4)
FNDA:0,(anonymous_5)
FNDA:1,(anonymous_6)
DA:12,1
DA:20,1
DA:22,0
DA:26,0
DA:27,0
DA:28,0
DA:29,0
DA:30,0
DA:32,0
DA:33,0
DA:34,0
DA:35,0
DA:36,0
DA:39,0
DA:40,0
DA:42,0
DA:43,0
DA:44,0
DA:45,0
DA:46,0
DA:47,0
DA:58,0
DA:60,0
DA:61,0
DA:63,0
DA:64,0
DA:65,0
DA:66,0
DA:67,0
DA:68,0
DA:69,0
DA:70,0
DA:71,0
DA:72,0
DA:76,0
DA:77,0
DA:78,0
DA:80,0
DA:81,0
DA:82,0
DA:83,0
DA:86,0
DA:87,0
DA:88,0
DA:89,0
DA:91,0
DA:95,0
DA:96,0
DA:97,0
DA:98,0
DA:100,0
DA:103,0
DA:104,0
DA:105,0
DA:106,0
DA:108,0
DA:114,0
DA:123,0
DA:213,1
DA:222,1
DA:231,1
DA:232,1
DA:233,1
DA:235,1
DA:236,1
DA:237,2
DA:238,1
DA:239,1
DA:240,1
DA:241,1
DA:242,1
DA:243,1
DA:246,1
DA:247,1
DA:248,1
LF:75
LH:19
BRDA:65,0,0,0
BRDA:65,0,1,0
BRDA:81,1,0,0
BRDA:81,1,1,0
BRDA:81,2,0,0
BRDA:81,2,1,0
BRDA:87,3,0,0
BRDA:87,3,1,0
BRDA:87,4,0,0
BRDA:87,4,1,0
BRDA:96,5,0,0
BRDA:96,5,1,0
BRDA:96,6,0,0
BRDA:96,6,1,0
BRDA:104,7,0,0
BRDA:104,7,1,0
BRDA:104,8,0,0
BRDA:104,8,1,0
BRDA:237,9,0,1
BRDA:237,9,1,1
BRF:20
BRH:2
end_of_record
TN:
SF:src\components\auth\Login.js
FN:8,(anonymous_0)
FN:9,(anonymous_1)
FN:21,(anonymous_2)
FN:54,(anonymous_3)
FN:63,(anonymous_4)
FN:86,(anonymous_5)
FN:112,(anonymous_6)
FNF:7
FNH:1
FNDA:0,(anonymous_0)
FNDA:0,(anonymous_1)
FNDA:0,(anonymous_2)
FNDA:0,(anonymous_3)
FNDA:0,(anonymous_4)
FNDA:3,(anonymous_5)
FNDA:0,(anonymous_6)
DA:8,1
DA:9,0
DA:14,0
DA:15,0
DA:21,0
DA:22,0
DA:23,0
DA:24,0
DA:25,0
DA:26,0
DA:27,0
DA:28,0
DA:29,0
DA:30,0
DA:32,0
DA:35,0
DA:40,0
DA:54,0
DA:63,0
DA:86,1
DA:89,3
DA:90,3
DA:91,3
DA:92,3
DA:93,14
DA:94,2
DA:95,1
DA:96,1
DA:98,1
DA:102,1
DA:107,1
DA:112,1
LF:32
LH:14
BRDA:24,0,0,0
BRDA:24,0,1,0
BRDA:30,1,0,0
BRDA:30,1,1,0
BRDA:93,2,0,2
BRDA:93,2,1,12
BRDA:94,3,0,1
BRDA:94,3,1,1
BRF:8
BRH:4
end_of_record
TN:
SF:src\components\auth\Register.js
FN:8,(anonymous_0)
FN:12,(anonymous_1)
FN:39,(anonymous_2)
FN:84,(anonymous_3)
FN:87,(anonymous_4)
FN:202,(anonymous_5)
FNF:6
FNH:0
FNDA:0,(anonymous_0)
FNDA:0,(anonymous_1)
FNDA:0,(anonymous_2)
FNDA:0,(anonymous_3)
FNDA:0,(anonymous_4)
FNDA:0,(anonymous_5)
DA:8,0
DA:12,0
DA:13,0
DA:14,0
DA:15,0
DA:16,0
DA:17,0
DA:18,0
DA:19,0
DA:20,0
DA:21,0
DA:22,0
DA:23,0
DA:24,0
DA:27,0
DA:37,0
DA:39,0
DA:40,0
DA:41,0
DA:43,0
DA:44,0
DA:45,0
DA:46,0
DA:49,0
DA:50,0
DA:51,0
DA:52,0
DA:55,0
DA:56,0
DA:57,0
DA:58,0
DA:61,0
DA:62,0
DA:63,0
DA:64,0
DA:67,0
DA:68,0
DA:69,0
DA:72,0
DA:73,0
DA:74,0
DA:77,0
DA:84,0
DA:85,0
DA:87,0
DA:88,0
DA:89,0
DA:90,0
DA:100,0
DA:190,0
DA:202,0
LF:51
LH:0
BRDA:44,0,0,0
BRDA:44,0,1,0
BRDA:44,1,0,0
BRDA:44,1,1,0
BRDA:44,1,2,0
BRDA:50,2,0,0
BRDA:50,2,1,0
BRDA:50,3,0,0
BRDA:50,3,1,0
BRDA:50,3,2,0
BRDA:56,4,0,0
BRDA:56,4,1,0
BRDA:56,5,0,0
BRDA:56,5,1,0
BRDA:56,5,2,0
BRDA:62,6,0,0
BRDA:62,6,1,0
BRDA:62,7,0,0
BRDA:62,7,1,0
BRDA:62,7,2,0
BRDA:67,8,0,0
BRDA:67,8,1,0
BRDA:72,9,0,0
BRDA:72,9,1,0
BRDA:72,10,0,0
BRDA:72,10,1,0
BRDA:89,11,0,0
BRDA:89,11,1,0
BRF:28
BRH:0
end_of_record
